<?xml version="1.0" encoding="UTF-8"?>
<testsuite xmlns:xsi="http://www.w3.org/2001/XMLSchema-instance" xsi:noNamespaceSchemaLocation="https://maven.apache.org/surefire/maven-failsafe-plugin/xsd/failsafe-test-report-3.0.xsd" version="3.0" name="runner.Runner" time="315.925" tests="7" errors="1" skipped="0" failures="1">
  <properties>
[...]
</properties>
  <testcase name="Verify user is able to add arrival line and arrival receipt type data and finalize it" classname="Arrivals tab in SMT application for Store Operator user #1" time="56.215">
    <failure type="org.junit.ComparisonFailure"><![CDATA[org.junit.ComparisonFailure: expected:<[Complete]> but was:<[BIOPOLIO B1/3]>
]]></failure>
    <system-out><![CDATA[17:55:22.728 [main] INFO  i.c.core.plugin.SerenityReporter - Running feature from file:///C:/Users/Sandeepkumar.Phalke/eclipse-workspace/UNICEF_SerenityBDD_Automation_Framework/src/test/resources/features/StoreOperator/Arrivals.feature
17:55:22.914 [main] INFO   - 

-------------------------------------------------------------------------------------
     _______. _______ .______       _______ .__   __.  __  .___________.____    ____ 
    /       ||   ____||   _  \     |   ____||  \ |  | |  | |           |\   \  /   / 
   |   (----`|  |__   |  |_)  |    |  |__   |   \|  | |  | `---|  |----` \   \/   /  
    \   \    |   __|  |      /     |   __|  |  . `  | |  |     |  |       \_    _/   
.----)   |   |  |____ |  |\  \----.|  |____ |  |\   | |  |     |  |         |  |     
|_______/    |_______|| _| `._____||_______||__| \__| |__|     |__|         |__|    
                                                                                     
 News and tutorials at http://www.serenity-bdd.info                                  
 Documentation at https://wakaleo.gitbooks.io/the-serenity-book/content/             
 Join the Serenity Community on Gitter: https://gitter.im/serenity-bdd/serenity-core 
 Serenity BDD Support and Training at http://serenity-bdd.info/#/trainingandsupport  
-------------------------------------------------------------------------------------

17:55:22.918 [main] INFO   - Test Suite Started: Arrivals tab in SMT application for Store Operator user
17:55:22.936 [main] INFO  i.c.core.plugin.SerenityReporter - Running feature from file:///C:/Users/Sandeepkumar.Phalke/eclipse-workspace/UNICEF_SerenityBDD_Automation_Framework/src/test/resources/features/StoreOperator/Issuing.feature
17:55:22.941 [main] INFO   - Test Suite Started: Arrivals tab in SMT application for Store Operator user
17:55:22.941 [main] INFO  i.c.core.plugin.SerenityReporter - Running feature from file:///C:/Users/Sandeepkumar.Phalke/eclipse-workspace/UNICEF_SerenityBDD_Automation_Framework/src/test/resources/features/StoreOperator/StoreData.feature
17:55:22.946 [main] INFO   - Test Suite Started: Store Data tab in SMT application for Store Operator user
17:55:22.947 [main] INFO  i.c.core.plugin.SerenityReporter - Running feature from file:///C:/Users/Sandeepkumar.Phalke/eclipse-workspace/UNICEF_SerenityBDD_Automation_Framework/src/test/resources/features/StoreOperator/Arrivals.feature
17:55:22.951 [main] INFO   - Test Suite Started: Arrivals tab in SMT application for Store Operator user

Scenario Outline: Verify user is able to add arrival line and arrival receipt type data and finalize it &amp#27;[90m# src/test/resources/features/StoreOperator/Arrivals.feature:54&amp#27;[0m
17:55:23.077 [main] INFO  i.c.core.plugin.SerenityReporter - Running feature from file:///C:/Users/Sandeepkumar.Phalke/eclipse-workspace/UNICEF_SerenityBDD_Automation_Framework/src/test/resources/features/StoreOperator/Arrivals.feature
17:55:23.235 [main] INFO   - 
  _____   ___   ___   _____     ___   _____     _     ___   _____   ___   ___  
 |_   _| | __| / __| |_   _|   / __| |_   _|   /_\   | _ \ |_   _| | __| |   \ 
   | |   | _|  \__ \   | |     \__ \   | |    / _ \  |   /   | |   | _|  | |) |
   |_|   |___| |___/   |_|     |___/   |_|   /_/ \_\ |_|_\   |_|   |___| |___/ 

Verify user is able to add arrival line and arrival receipt type data and finalize it(arrivals-tab-in-smt-application-for-store-operator-user;verify-user-is-able-to-add-arrival-line-and-arrival-receipt-type-data-and-finalize-it)
--------------------------------------------------------------------------------
17:55:24.957 [main] INFO  n.s.c.w.d.ChromeDriverProvider - Starting Chrome driver instance with capabilities:
17:55:24.959 [main] INFO  n.s.c.w.d.ChromeDriverProvider - Capabilities {acceptInsecureCerts: false, browserName: chrome, goog:chromeOptions: {args: [test-type, no-sandbox, ignore-certificate-errors, --window-size=1000,800, incognito, disable-infobars, disable-gpu, disable-default-apps, disable-popup-blocking], extensions: []}}
  &amp#27;[32mGiven &amp#27;[0m&amp#27;[32mUser is on home page&amp#27;[0m                                                                            &amp#27;[90m# stepdefinitions.CommonDefinitions.user_is_on_home_page()&amp#27;[0m
  &amp#27;[32mWhen &amp#27;[0m&amp#27;[32mUser is getting correct title of home page&amp#27;[0m                                                       &amp#27;[90m# stepdefinitions.SignInDefinitions.user_is_getting_correct_title_of_home_page()&amp#27;[0m
  &amp#27;[32mThen &amp#27;[0m&amp#27;[32mUser click on login button&amp#27;[0m                                                                       &amp#27;[90m# stepdefinitions.HomeDefinitions.user_click_on_login_button()&amp#27;[0m
  &amp#27;[32mWhen &amp#27;[0m&amp#27;[32mUser click on Proceed To Login button in &amp#27;[0m&amp#27;[32m&amp#27;[1m"English"&amp#27;[0m                                               &amp#27;[90m# stepdefinitions.HomeDefinitions.user_click_on_proceed_to_login_button_in(java.lang.String)&amp#27;[0m
  &amp#27;[32mThen &amp#27;[0m&amp#27;[32mUser enter email&amp#27;[0m                                                                                 &amp#27;[90m# stepdefinitions.SignInDefinitions.user_enter_email()&amp#27;[0m
  &amp#27;[32mAnd &amp#27;[0m&amp#27;[32mUser enter password&amp#27;[0m                                                                               &amp#27;[90m# stepdefinitions.SignInDefinitions.user_enter_password()&amp#27;[0m
  &amp#27;[32mWhen &amp#27;[0m&amp#27;[32mUser click on sign in button&amp#27;[0m                                                                     &amp#27;[90m# stepdefinitions.SignInDefinitions.user_click_on_sign_in_button()&amp#27;[0m
  &amp#27;[32mGiven &amp#27;[0m&amp#27;[32mUser click on &amp#27;[0m&amp#27;[32m&amp#27;[1m"Apply"&amp#27;[0m&amp#27;[32m button&amp#27;[0m                                                                    &amp#27;[90m# stepdefinitions.CommonDefinitions.user_click_on_button(java.lang.String)&amp#27;[0m
  &amp#27;[32mAnd &amp#27;[0m&amp#27;[32mUser click on &amp#27;[0m&amp#27;[32m&amp#27;[1m"Arrivals"&amp#27;[0m&amp#27;[32m tab&amp#27;[0m                                                                      &amp#27;[90m# stepdefinitions.CommonDefinitions.user_click_on_tab(java.lang.String)&amp#27;[0m
  &amp#27;[32mGiven &amp#27;[0m&amp#27;[32mUser click on &amp#27;[0m&amp#27;[32m&amp#27;[1m"Log New Arrival"&amp#27;[0m&amp#27;[32m button&amp#27;[0m                                                          &amp#27;[90m# stepdefinitions.CommonDefinitions.user_click_on_button(java.lang.String)&amp#27;[0m
  &amp#27;[32mAnd &amp#27;[0m&amp#27;[32m&amp#27;[0m&amp#27;[32m&amp#27;[1m"Stock Arrival"&amp#27;[0m&amp#27;[32m text is visible&amp#27;[0m                                                                   &amp#27;[90m# stepdefinitions.CommonDefinitions.text_is_visible(java.lang.String)&amp#27;[0m
  &amp#27;[32mAnd &amp#27;[0m&amp#27;[32mUser select &amp#27;[0m&amp#27;[32m&amp#27;[1m"Arrival"&amp#27;[0m&amp#27;[32m from &amp#27;[0m&amp#27;[32m&amp#27;[1m"Receipt Type"&amp#27;[0m&amp#27;[32m in &amp#27;[0m&amp#27;[32m&amp#27;[1m"Arrivals"&amp#27;[0m&amp#27;[32m tab&amp#27;[0m                                       &amp#27;[90m# stepdefinitions.CommonDefinitions.user_select_from(java.lang.String,java.lang.String,java.lang.String)&amp#27;[0m
  &amp#27;[32mAnd &amp#27;[0m&amp#27;[32mUser enter random text in &amp#27;[0m&amp#27;[32m&amp#27;[1m"smtNumber"&amp#27;[0m                                                             &amp#27;[90m# stepdefinitions.CommonDefinitions.user_enter_random_text_in(java.lang.String)&amp#27;[0m
  &amp#27;[32mAnd &amp#27;[0m&amp#27;[32mUser enter random number in &amp#27;[0m&amp#27;[32m&amp#27;[1m"shippingReferance"&amp#27;[0m                                                   &amp#27;[90m# stepdefinitions.CommonDefinitions.user_enter_random_number_in(java.lang.String)&amp#27;[0m
  &amp#27;[32mAnd &amp#27;[0m&amp#27;[32mUser enter random text in &amp#27;[0m&amp#27;[32m&amp#27;[1m"fundingSource"&amp#27;[0m                                                         &amp#27;[90m# stepdefinitions.CommonDefinitions.user_enter_random_text_in(java.lang.String)&amp#27;[0m
  &amp#27;[32mAnd &amp#27;[0m&amp#27;[32mUser select &amp#27;[0m&amp#27;[32m&amp#27;[1m"AUD"&amp#27;[0m&amp#27;[32m from &amp#27;[0m&amp#27;[32m&amp#27;[1m"Currency"&amp#27;[0m&amp#27;[32m in &amp#27;[0m&amp#27;[32m&amp#27;[1m"Arrivals"&amp#27;[0m&amp#27;[32m tab&amp#27;[0m                                               &amp#27;[90m# stepdefinitions.CommonDefinitions.user_select_from(java.lang.String,java.lang.String,java.lang.String)&amp#27;[0m
  &amp#27;[32mAnd &amp#27;[0m&amp#27;[32mUser enter random number in &amp#27;[0m&amp#27;[32m&amp#27;[1m"freightCost"&amp#27;[0m                                                         &amp#27;[90m# stepdefinitions.CommonDefinitions.user_enter_random_number_in(java.lang.String)&amp#27;[0m
  &amp#27;[32mWhen &amp#27;[0m&amp#27;[32mUser click on &amp#27;[0m&amp#27;[32m&amp#27;[1m"Add Line to Arrival"&amp#27;[0m&amp#27;[32m button&amp#27;[0m                                                       &amp#27;[90m# stepdefinitions.CommonDefinitions.user_click_on_button(java.lang.String)&amp#27;[0m
  &amp#27;[32mThen &amp#27;[0m&amp#27;[32m&amp#27;[0m&amp#27;[32m&amp#27;[1m"Add Product to Arrival"&amp#27;[0m&amp#27;[32m heading is visible&amp#27;[0m                                                      &amp#27;[90m# stepdefinitions.CommonDefinitions.heading_is_visible(java.lang.String)&amp#27;[0m
  &amp#27;[32mAnd &amp#27;[0m&amp#27;[32mUser select &amp#27;[0m&amp#27;[32m&amp#27;[1m"Vaccine"&amp#27;[0m&amp#27;[32m from &amp#27;[0m&amp#27;[32m&amp#27;[1m"Product Type"&amp#27;[0m&amp#27;[32m in &amp#27;[0m&amp#27;[32m&amp#27;[1m"Arrivals"&amp#27;[0m&amp#27;[32m tab&amp#27;[0m                                       &amp#27;[90m# stepdefinitions.CommonDefinitions.user_select_from(java.lang.String,java.lang.String,java.lang.String)&amp#27;[0m
  &amp#27;[32mAnd &amp#27;[0m&amp#27;[32mUser select &amp#27;[0m&amp#27;[32m&amp#27;[1m"bOPV"&amp#27;[0m&amp#27;[32m from &amp#27;[0m&amp#27;[32m&amp#27;[1m"Product"&amp#27;[0m&amp#27;[32m in &amp#27;[0m&amp#27;[32m&amp#27;[1m"Arrivals"&amp#27;[0m&amp#27;[32m tab&amp#27;[0m                                               &amp#27;[90m# stepdefinitions.CommonDefinitions.user_select_from(java.lang.String,java.lang.String,java.lang.String)&amp#27;[0m
  &amp#27;[32mAnd &amp#27;[0m&amp#27;[32mUser enter random text in &amp#27;[0m&amp#27;[32m&amp#27;[1m"batchNo"&amp#27;[0m                                                               &amp#27;[90m# stepdefinitions.CommonDefinitions.user_enter_random_text_in(java.lang.String)&amp#27;[0m
  &amp#27;[32mAnd &amp#27;[0m&amp#27;[32mUser select &amp#27;[0m&amp#27;[32m&amp#27;[1m"PT ONEJECT INDONESIA"&amp#27;[0m&amp#27;[32m from &amp#27;[0m&amp#27;[32m&amp#27;[1m"Producer"&amp#27;[0m&amp#27;[32m in &amp#27;[0m&amp#27;[32m&amp#27;[1m"Arrivals"&amp#27;[0m&amp#27;[32m tab&amp#27;[0m                              &amp#27;[90m# stepdefinitions.CommonDefinitions.user_select_from(java.lang.String,java.lang.String,java.lang.String)&amp#27;[0m
  &amp#27;[32mAnd &amp#27;[0m&amp#27;[32mUser select &amp#27;[0m&amp#27;[32m&amp#27;[1m"BIOPOLIO B1/3"&amp#27;[0m&amp#27;[32m from &amp#27;[0m&amp#27;[32m&amp#27;[1m"Commercial Name"&amp#27;[0m&amp#27;[32m in &amp#27;[0m&amp#27;[32m&amp#27;[1m"Arrivals"&amp#27;[0m&amp#27;[32m tab&amp#27;[0m                              &amp#27;[90m# stepdefinitions.CommonDefinitions.user_select_from(java.lang.String,java.lang.String,java.lang.String)&amp#27;[0m
  &amp#27;[32mAnd &amp#27;[0m&amp#27;[32mUser select &amp#27;[0m&amp#27;[32m&amp#27;[1m"Liquid: ready to use"&amp#27;[0m&amp#27;[32m from &amp#27;[0m&amp#27;[32m&amp#27;[1m"Formulation"&amp#27;[0m&amp#27;[32m in &amp#27;[0m&amp#27;[32m&amp#27;[1m"Arrivals"&amp#27;[0m&amp#27;[32m tab&amp#27;[0m                           &amp#27;[90m# stepdefinitions.CommonDefinitions.user_select_from(java.lang.String,java.lang.String,java.lang.String)&amp#27;[0m
  &amp#27;[32mAnd &amp#27;[0m&amp#27;[32mUser select &amp#27;[0m&amp#27;[32m&amp#27;[1m"10"&amp#27;[0m&amp#27;[32m from &amp#27;[0m&amp#27;[32m&amp#27;[1m"Presentation"&amp#27;[0m&amp#27;[32m in &amp#27;[0m&amp#27;[32m&amp#27;[1m"Arrivals"&amp#27;[0m&amp#27;[32m tab&amp#27;[0m                                            &amp#27;[90m# stepdefinitions.CommonDefinitions.user_select_from(java.lang.String,java.lang.String,java.lang.String)&amp#27;[0m
  &amp#27;[32mAnd &amp#27;[0m&amp#27;[32mUser select &amp#27;[0m&amp#27;[32m&amp#27;[1m"1.Initial stage"&amp#27;[0m&amp#27;[32m from &amp#27;[0m&amp#27;[32m&amp#27;[1m"VVM Stage"&amp#27;[0m&amp#27;[32m in &amp#27;[0m&amp#27;[32m&amp#27;[1m"Arrivals"&amp#27;[0m&amp#27;[32m tab&amp#27;[0m                                  &amp#27;[90m# stepdefinitions.CommonDefinitions.user_select_from(java.lang.String,java.lang.String,java.lang.String)&amp#27;[0m
  &amp#27;[32mAnd &amp#27;[0m&amp#27;[32mUser enter &amp#27;[0m&amp#27;[32m&amp#27;[1m"20"&amp#27;[0m&amp#27;[32m in &amp#27;[0m&amp#27;[32m&amp#27;[1m"units"&amp#27;[0m                                                                        &amp#27;[90m# stepdefinitions.CommonDefinitions.user_enter_in(java.lang.String,java.lang.String)&amp#27;[0m
  &amp#27;[32mAnd &amp#27;[0m&amp#27;[32mUser select &amp#27;[0m&amp#27;[32m&amp#27;[1m"Routine"&amp#27;[0m&amp#27;[32m from &amp#27;[0m&amp#27;[32m&amp#27;[1m"Routine or SIA"&amp#27;[0m&amp#27;[32m in &amp#27;[0m&amp#27;[32m&amp#27;[1m"Arrivals"&amp#27;[0m&amp#27;[32m tab&amp#27;[0m                                     &amp#27;[90m# stepdefinitions.CommonDefinitions.user_select_from(java.lang.String,java.lang.String,java.lang.String)&amp#27;[0m
  &amp#27;[32mAnd &amp#27;[0m&amp#27;[32mUser select &amp#27;[0m&amp#27;[32m&amp#27;[1m"Indonesia"&amp#27;[0m&amp#27;[32m from &amp#27;[0m&amp#27;[32m&amp#27;[1m"Origin"&amp#27;[0m&amp#27;[32m in &amp#27;[0m&amp#27;[32m&amp#27;[1m"Arrivals"&amp#27;[0m&amp#27;[32m tab&amp#27;[0m                                           &amp#27;[90m# stepdefinitions.CommonDefinitions.user_select_from(java.lang.String,java.lang.String,java.lang.String)&amp#27;[0m
  &amp#27;[32mAnd &amp#27;[0m&amp#27;[32mUser select &amp#27;[0m&amp#27;[32m&amp#27;[1m"Alarm"&amp#27;[0m&amp#27;[32m from &amp#27;[0m&amp#27;[32m&amp#27;[1m"Shipping/Freeze Indicator"&amp#27;[0m&amp#27;[32m in &amp#27;[0m&amp#27;[32m&amp#27;[1m"Arrivals"&amp#27;[0m&amp#27;[32m tab&amp#27;[0m                            &amp#27;[90m# stepdefinitions.CommonDefinitions.user_select_from(java.lang.String,java.lang.String,java.lang.String)&amp#27;[0m
  &amp#27;[32mAnd &amp#27;[0m&amp#27;[32mUser enter &amp#27;[0m&amp#27;[32m&amp#27;[1m"20"&amp#27;[0m&amp#27;[32m in &amp#27;[0m&amp#27;[32m&amp#27;[1m"noOfVials"&amp#27;[0m                                                                    &amp#27;[90m# stepdefinitions.CommonDefinitions.user_enter_in(java.lang.String,java.lang.String)&amp#27;[0m
  &amp#27;[32mAnd &amp#27;[0m&amp#27;[32mUser enter &amp#27;[0m&amp#27;[32m&amp#27;[1m"20"&amp#27;[0m&amp#27;[32m in &amp#27;[0m&amp#27;[32m&amp#27;[1m"totalVolume"&amp#27;[0m                                                                  &amp#27;[90m# stepdefinitions.CommonDefinitions.user_enter_in(java.lang.String,java.lang.String)&amp#27;[0m
  &amp#27;[32mAnd &amp#27;[0m&amp#27;[32mUser select &amp#27;[0m&amp#27;[32m&amp#27;[1m"Ambient_2022"&amp#27;[0m&amp#27;[32m from &amp#27;[0m&amp#27;[32m&amp#27;[1m"Storage Location"&amp#27;[0m&amp#27;[32m in &amp#27;[0m&amp#27;[32m&amp#27;[1m"Arrivals"&amp#27;[0m&amp#27;[32m tab&amp#27;[0m                              &amp#27;[90m# stepdefinitions.CommonDefinitions.user_select_from(java.lang.String,java.lang.String,java.lang.String)&amp#27;[0m
  &amp#27;[32mAnd &amp#27;[0m&amp#27;[32mUser enter &amp#27;[0m&amp#27;[32m&amp#27;[1m"1000"&amp#27;[0m&amp#27;[32m in &amp#27;[0m&amp#27;[32m&amp#27;[1m"totalCost"&amp#27;[0m                                                                  &amp#27;[90m# stepdefinitions.CommonDefinitions.user_enter_in(java.lang.String,java.lang.String)&amp#27;[0m
  &amp#27;[32mAnd &amp#27;[0m&amp#27;[32mUser enter random text in &amp#27;[0m&amp#27;[32m&amp#27;[1m"comments"&amp#27;[0m                                                              &amp#27;[90m# stepdefinitions.CommonDefinitions.user_enter_random_text_in(java.lang.String)&amp#27;[0m
  &amp#27;[32mThen &amp#27;[0m&amp#27;[32mUser click on &amp#27;[0m&amp#27;[32m&amp#27;[1m"Create"&amp#27;[0m&amp#27;[32m button&amp#27;[0m                                                                    &amp#27;[90m# stepdefinitions.CommonDefinitions.user_click_on_button(java.lang.String)&amp#27;[0m
  &amp#27;[32mAnd &amp#27;[0m&amp#27;[32mUser click on &amp#27;[0m&amp#27;[32m&amp#27;[1m"Continue"&amp#27;[0m&amp#27;[32m button&amp#27;[0m                                                                   &amp#27;[90m# stepdefinitions.CommonDefinitions.user_click_on_button(java.lang.String)&amp#27;[0m
  &amp#27;[32mThen &amp#27;[0m&amp#27;[32mArrivals line is created successfully&amp#27;[0m                                                            &amp#27;[90m# stepdefinitions.StoreOperator.ArrivalsDefinition.storage_data_is_created_sucessfully()&amp#27;[0m
  &amp#27;[32mAnd &amp#27;[0m&amp#27;[32mArrivals line Data is visible in arrival line table to user&amp#27;[0m                                       &amp#27;[90m# stepdefinitions.StoreOperator.ArrivalsDefinition.arrivals_line_data_is_visible_in_storage_data_table_to_user()&amp#27;[0m
  &amp#27;[32mWhen &amp#27;[0m&amp#27;[32mUser click on &amp#27;[0m&amp#27;[32m&amp#27;[1m"Finalize"&amp#27;[0m&amp#27;[32m button&amp#27;[0m                                                                  &amp#27;[90m# stepdefinitions.CommonDefinitions.user_click_on_button(java.lang.String)&amp#27;[0m
  &amp#27;[32mAnd &amp#27;[0m&amp#27;[32mUser click on &amp#27;[0m&amp#27;[32m&amp#27;[1m"Continue"&amp#27;[0m&amp#27;[32m button&amp#27;[0m                                                                   &amp#27;[90m# stepdefinitions.CommonDefinitions.user_click_on_button(java.lang.String)&amp#27;[0m
  &amp#27;[32mAnd &amp#27;[0m&amp#27;[32mArrivals Data is visible in arrivals table to user&amp#27;[0m                                                &amp#27;[90m# stepdefinitions.StoreOperator.ArrivalsDefinition.arrivals_data_is_visible_in_stock_arrival_table_to_user()&amp#27;[0m
  &amp#27;[31mAnd &amp#27;[0m&amp#27;[31mValidate arrival state is &amp#27;[0m&amp#27;[31m&amp#27;[1m"Complete"&amp#27;[0m                                                              &amp#27;[90m# stepdefinitions.StoreOperator.ArrivalsDefinition.validate_arrival_state_is(java.lang.String)&amp#27;[0m
      &amp#27;[31morg.junit.ComparisonFailure: expected:<[Complete]> but was:<[BIOPOLIO B1/3]>
	at org.junit.Assert.assertEquals(Assert.java:117)
	at org.junit.Assert.assertEquals(Assert.java:146)
	at pages.StoreOperator.ArrivalsPage.validateStateOfArrivalEntry(ArrivalsPage.java:75)
	at pages.StoreOperator.ArrivalsPage$ByteBuddy$lYa9L0Sk.validateStateOfArrivalEntry$accessor$KwSq3mRz(Unknown Source)
	at sun.reflect.NativeMethodAccessorImpl.invoke0(Native Method)
	at sun.reflect.NativeMethodAccessorImpl.invoke(NativeMethodAccessorImpl.java:62)
	at sun.reflect.DelegatingMethodAccessorImpl.invoke(DelegatingMethodAccessorImpl.java:43)
	at java.lang.reflect.Method.invoke(Method.java:498)
	at net.thucydides.core.steps.BaseMethodRunner.invokeMethod(BaseMethodRunner.java:18)
	at net.thucydides.core.steps.NormalMethodRunner.invokeMethodAndNotifyFailures(NormalMethodRunner.java:18)
	at net.thucydides.core.steps.StepInterceptor.runNormalMethod(StepInterceptor.java:406)
	at net.thucydides.core.steps.StepInterceptor.testStepResult(StepInterceptor.java:191)
	at net.thucydides.core.steps.StepInterceptor.intercept(StepInterceptor.java:84)
	at net.thucydides.core.steps.ProxyConfiguration$InterceptorDispatcher.intercept(ProxyConfiguration.java:51)
	at pages.StoreOperator.ArrivalsPage$ByteBuddy$lYa9L0Sk.validateStateOfArrivalEntry(Unknown Source)
	at stepdefinitions.StoreOperator.ArrivalsDefinition.validate_arrival_state_is(ArrivalsDefinition.java:80)
	at âœ½.Validate arrival state is "Complete"(file:///C:/Users/Sandeepkumar.Phalke/eclipse-workspace/UNICEF_SerenityBDD_Automation_Framework/src/test/resources/features/StoreOperator/Arrivals.feature:50)
&amp#27;[0m
17:56:19.155 [main] ERROR  - 
  _____   ___   ___   _____     ___     _     ___   _      ___   ___  
 |_   _| | __| / __| |_   _|   | __|   /_\   |_ _| | |    | __| |   \ 
   | |   | _|  \__ \   | |     | _|   / _ \   | |  | |__  | _|  | |) |
   |_|   |___| |___/   |_|     |_|   /_/ \_\ |___| |____| |___| |___/ 

Verify user is able to add arrival line and arrival receipt type data and finalize it
-----------------------------------------------------------------------
17:56:19.160 [main] ERROR  -     Test failed at step: Validate state of arrival entry: Complete
17:56:19.161 [main] ERROR  -     expected:<[Complete]> but was:<[BIOPOLIO B1/3]>
]]></system-out>
    <system-err><![CDATA[Starting ChromeDriver 108.0.5359.71 (1e0e3868ee06e91ad636a874420e3ca3ae3756ac-refs/branch-heads/5359@{#1016}) on port 27753
Only local connections are allowed.
Please see https://chromedriver.chromium.org/security-considerations for suggestions on keeping ChromeDriver safe.
ChromeDriver was started successfully.
Dec 23, 2022 5:55:28 PM org.openqa.selenium.devtools.CdpVersionFinder findNearestMatch
WARNING: Unable to find an exact match for CDP version 108, so returning the closest version found: 107
]]></system-err>
  </testcase>
  <testcase name="Verify user is able to update arrival line and arrival receipt type data before finalizing" classname="Arrivals tab in SMT application for Store Operator user #1" time="66.508">
    <system-out><![CDATA[
Scenario: Verify user is able to update arrival line and arrival receipt type data before finalizing &amp#27;[90m# src/test/resources/features/StoreOperator/Arrivals.feature:130&amp#27;[0m
17:56:19.237 [main] INFO  i.c.core.plugin.SerenityReporter - Running feature from file:///C:/Users/Sandeepkumar.Phalke/eclipse-workspace/UNICEF_SerenityBDD_Automation_Framework/src/test/resources/features/StoreOperator/Arrivals.feature
17:56:19.239 [main] INFO   - 
  _____   ___   ___   _____     ___   _____     _     ___   _____   ___   ___  
 |_   _| | __| / __| |_   _|   / __| |_   _|   /_\   | _ \ |_   _| | __| |   \ 
   | |   | _|  \__ \   | |     \__ \   | |    / _ \  |   /   | |   | _|  | |) |
   |_|   |___| |___/   |_|     |___/   |_|   /_/ \_\ |_|_\   |_|   |___| |___/ 

Verify user is able to update arrival line and arrival receipt type data before finalizing(arrivals-tab-in-smt-application-for-store-operator-user;verify-user-is-able-to-update-arrival-line-and-arrival-receipt-type-data-before-finalizing)
--------------------------------------------------------------------------------
17:56:19.440 [main] INFO  n.s.c.w.d.ChromeDriverProvider - Starting Chrome driver instance with capabilities:
17:56:19.440 [main] INFO  n.s.c.w.d.ChromeDriverProvider - Capabilities {acceptInsecureCerts: false, browserName: chrome, goog:chromeOptions: {args: [test-type, no-sandbox, ignore-certificate-errors, --window-size=1000,800, incognito, disable-infobars, disable-gpu, disable-default-apps, disable-popup-blocking], extensions: []}}
  &amp#27;[32mGiven &amp#27;[0m&amp#27;[32mUser is on home page&amp#27;[0m                                                                         &amp#27;[90m# stepdefinitions.CommonDefinitions.user_is_on_home_page()&amp#27;[0m
  &amp#27;[32mWhen &amp#27;[0m&amp#27;[32mUser is getting correct title of home page&amp#27;[0m                                                    &amp#27;[90m# stepdefinitions.SignInDefinitions.user_is_getting_correct_title_of_home_page()&amp#27;[0m
  &amp#27;[32mThen &amp#27;[0m&amp#27;[32mUser click on login button&amp#27;[0m                                                                    &amp#27;[90m# stepdefinitions.HomeDefinitions.user_click_on_login_button()&amp#27;[0m
  &amp#27;[32mWhen &amp#27;[0m&amp#27;[32mUser click on Proceed To Login button in &amp#27;[0m&amp#27;[32m&amp#27;[1m"English"&amp#27;[0m                                            &amp#27;[90m# stepdefinitions.HomeDefinitions.user_click_on_proceed_to_login_button_in(java.lang.String)&amp#27;[0m
  &amp#27;[32mThen &amp#27;[0m&amp#27;[32mUser enter email&amp#27;[0m                                                                              &amp#27;[90m# stepdefinitions.SignInDefinitions.user_enter_email()&amp#27;[0m
  &amp#27;[32mAnd &amp#27;[0m&amp#27;[32mUser enter password&amp#27;[0m                                                                            &amp#27;[90m# stepdefinitions.SignInDefinitions.user_enter_password()&amp#27;[0m
  &amp#27;[32mWhen &amp#27;[0m&amp#27;[32mUser click on sign in button&amp#27;[0m                                                                  &amp#27;[90m# stepdefinitions.SignInDefinitions.user_click_on_sign_in_button()&amp#27;[0m
  &amp#27;[32mGiven &amp#27;[0m&amp#27;[32mUser click on &amp#27;[0m&amp#27;[32m&amp#27;[1m"Apply"&amp#27;[0m&amp#27;[32m button&amp#27;[0m                                                                 &amp#27;[90m# stepdefinitions.CommonDefinitions.user_click_on_button(java.lang.String)&amp#27;[0m
  &amp#27;[32mAnd &amp#27;[0m&amp#27;[32mUser click on &amp#27;[0m&amp#27;[32m&amp#27;[1m"Arrivals"&amp#27;[0m&amp#27;[32m tab&amp#27;[0m                                                                   &amp#27;[90m# stepdefinitions.CommonDefinitions.user_click_on_tab(java.lang.String)&amp#27;[0m
  &amp#27;[32mGiven &amp#27;[0m&amp#27;[32mUser click on &amp#27;[0m&amp#27;[32m&amp#27;[1m"Log New Arrival"&amp#27;[0m&amp#27;[32m button&amp#27;[0m                                                       &amp#27;[90m# stepdefinitions.CommonDefinitions.user_click_on_button(java.lang.String)&amp#27;[0m
  &amp#27;[32mAnd &amp#27;[0m&amp#27;[32m&amp#27;[0m&amp#27;[32m&amp#27;[1m"Stock Arrival"&amp#27;[0m&amp#27;[32m text is visible&amp#27;[0m                                                                &amp#27;[90m# stepdefinitions.CommonDefinitions.text_is_visible(java.lang.String)&amp#27;[0m
  &amp#27;[32mAnd &amp#27;[0m&amp#27;[32mUser select &amp#27;[0m&amp#27;[32m&amp#27;[1m"Arrival"&amp#27;[0m&amp#27;[32m from &amp#27;[0m&amp#27;[32m&amp#27;[1m"Receipt Type"&amp#27;[0m&amp#27;[32m in &amp#27;[0m&amp#27;[32m&amp#27;[1m"Arrivals"&amp#27;[0m&amp#27;[32m tab&amp#27;[0m                                    &amp#27;[90m# stepdefinitions.CommonDefinitions.user_select_from(java.lang.String,java.lang.String,java.lang.String)&amp#27;[0m
  &amp#27;[32mAnd &amp#27;[0m&amp#27;[32mUser enter random text in &amp#27;[0m&amp#27;[32m&amp#27;[1m"smtNumber"&amp#27;[0m                                                          &amp#27;[90m# stepdefinitions.CommonDefinitions.user_enter_random_text_in(java.lang.String)&amp#27;[0m
  &amp#27;[32mAnd &amp#27;[0m&amp#27;[32mUser enter random number in &amp#27;[0m&amp#27;[32m&amp#27;[1m"shippingReferance"&amp#27;[0m                                                &amp#27;[90m# stepdefinitions.CommonDefinitions.user_enter_random_number_in(java.lang.String)&amp#27;[0m
  &amp#27;[32mAnd &amp#27;[0m&amp#27;[32mUser enter random text in &amp#27;[0m&amp#27;[32m&amp#27;[1m"fundingSource"&amp#27;[0m                                                      &amp#27;[90m# stepdefinitions.CommonDefinitions.user_enter_random_text_in(java.lang.String)&amp#27;[0m
  &amp#27;[32mAnd &amp#27;[0m&amp#27;[32mUser select &amp#27;[0m&amp#27;[32m&amp#27;[1m"AUD"&amp#27;[0m&amp#27;[32m from &amp#27;[0m&amp#27;[32m&amp#27;[1m"Currency"&amp#27;[0m&amp#27;[32m in &amp#27;[0m&amp#27;[32m&amp#27;[1m"Arrivals"&amp#27;[0m&amp#27;[32m tab&amp#27;[0m                                            &amp#27;[90m# stepdefinitions.CommonDefinitions.user_select_from(java.lang.String,java.lang.String,java.lang.String)&amp#27;[0m
  &amp#27;[32mAnd &amp#27;[0m&amp#27;[32mUser enter random number in &amp#27;[0m&amp#27;[32m&amp#27;[1m"freightCost"&amp#27;[0m                                                      &amp#27;[90m# stepdefinitions.CommonDefinitions.user_enter_random_number_in(java.lang.String)&amp#27;[0m
  &amp#27;[32mWhen &amp#27;[0m&amp#27;[32mUser click on &amp#27;[0m&amp#27;[32m&amp#27;[1m"Add Line to Arrival"&amp#27;[0m&amp#27;[32m button&amp#27;[0m                                                    &amp#27;[90m# stepdefinitions.CommonDefinitions.user_click_on_button(java.lang.String)&amp#27;[0m
  &amp#27;[32mThen &amp#27;[0m&amp#27;[32m&amp#27;[0m&amp#27;[32m&amp#27;[1m"Add Product to Arrival"&amp#27;[0m&amp#27;[32m heading is visible&amp#27;[0m                                                   &amp#27;[90m# stepdefinitions.CommonDefinitions.heading_is_visible(java.lang.String)&amp#27;[0m
  &amp#27;[32mAnd &amp#27;[0m&amp#27;[32mUser select &amp#27;[0m&amp#27;[32m&amp#27;[1m"Vaccine"&amp#27;[0m&amp#27;[32m from &amp#27;[0m&amp#27;[32m&amp#27;[1m"Product Type"&amp#27;[0m&amp#27;[32m in &amp#27;[0m&amp#27;[32m&amp#27;[1m"Arrivals"&amp#27;[0m&amp#27;[32m tab&amp#27;[0m                                    &amp#27;[90m# stepdefinitions.CommonDefinitions.user_select_from(java.lang.String,java.lang.String,java.lang.String)&amp#27;[0m
  &amp#27;[32mAnd &amp#27;[0m&amp#27;[32mUser select &amp#27;[0m&amp#27;[32m&amp#27;[1m"bOPV"&amp#27;[0m&amp#27;[32m from &amp#27;[0m&amp#27;[32m&amp#27;[1m"Product"&amp#27;[0m&amp#27;[32m in &amp#27;[0m&amp#27;[32m&amp#27;[1m"Arrivals"&amp#27;[0m&amp#27;[32m tab&amp#27;[0m                                            &amp#27;[90m# stepdefinitions.CommonDefinitions.user_select_from(java.lang.String,java.lang.String,java.lang.String)&amp#27;[0m
  &amp#27;[32mAnd &amp#27;[0m&amp#27;[32mUser enter random text in &amp#27;[0m&amp#27;[32m&amp#27;[1m"batchNo"&amp#27;[0m                                                            &amp#27;[90m# stepdefinitions.CommonDefinitions.user_enter_random_text_in(java.lang.String)&amp#27;[0m
  &amp#27;[32mAnd &amp#27;[0m&amp#27;[32mUser select &amp#27;[0m&amp#27;[32m&amp#27;[1m"PT ONEJECT INDONESIA"&amp#27;[0m&amp#27;[32m from &amp#27;[0m&amp#27;[32m&amp#27;[1m"Producer"&amp#27;[0m&amp#27;[32m in &amp#27;[0m&amp#27;[32m&amp#27;[1m"Arrivals"&amp#27;[0m&amp#27;[32m tab&amp#27;[0m                           &amp#27;[90m# stepdefinitions.CommonDefinitions.user_select_from(java.lang.String,java.lang.String,java.lang.String)&amp#27;[0m
  &amp#27;[32mAnd &amp#27;[0m&amp#27;[32mUser select &amp#27;[0m&amp#27;[32m&amp#27;[1m"BIOPOLIO B1/3"&amp#27;[0m&amp#27;[32m from &amp#27;[0m&amp#27;[32m&amp#27;[1m"Commercial Name"&amp#27;[0m&amp#27;[32m in &amp#27;[0m&amp#27;[32m&amp#27;[1m"Arrivals"&amp#27;[0m&amp#27;[32m tab&amp#27;[0m                           &amp#27;[90m# stepdefinitions.CommonDefinitions.user_select_from(java.lang.String,java.lang.String,java.lang.String)&amp#27;[0m
  &amp#27;[32mAnd &amp#27;[0m&amp#27;[32mUser select &amp#27;[0m&amp#27;[32m&amp#27;[1m"Liquid: ready to use"&amp#27;[0m&amp#27;[32m from &amp#27;[0m&amp#27;[32m&amp#27;[1m"Formulation"&amp#27;[0m&amp#27;[32m in &amp#27;[0m&amp#27;[32m&amp#27;[1m"Arrivals"&amp#27;[0m&amp#27;[32m tab&amp#27;[0m                        &amp#27;[90m# stepdefinitions.CommonDefinitions.user_select_from(java.lang.String,java.lang.String,java.lang.String)&amp#27;[0m
  &amp#27;[32mAnd &amp#27;[0m&amp#27;[32mUser select &amp#27;[0m&amp#27;[32m&amp#27;[1m"10"&amp#27;[0m&amp#27;[32m from &amp#27;[0m&amp#27;[32m&amp#27;[1m"Presentation"&amp#27;[0m&amp#27;[32m in &amp#27;[0m&amp#27;[32m&amp#27;[1m"Arrivals"&amp#27;[0m&amp#27;[32m tab&amp#27;[0m                                         &amp#27;[90m# stepdefinitions.CommonDefinitions.user_select_from(java.lang.String,java.lang.String,java.lang.String)&amp#27;[0m
  &amp#27;[32mAnd &amp#27;[0m&amp#27;[32mUser select &amp#27;[0m&amp#27;[32m&amp#27;[1m"1.Initial stage"&amp#27;[0m&amp#27;[32m from &amp#27;[0m&amp#27;[32m&amp#27;[1m"VVM Stage"&amp#27;[0m&amp#27;[32m in &amp#27;[0m&amp#27;[32m&amp#27;[1m"Arrivals"&amp#27;[0m&amp#27;[32m tab&amp#27;[0m                               &amp#27;[90m# stepdefinitions.CommonDefinitions.user_select_from(java.lang.String,java.lang.String,java.lang.String)&amp#27;[0m
  &amp#27;[32mAnd &amp#27;[0m&amp#27;[32mUser enter &amp#27;[0m&amp#27;[32m&amp#27;[1m"20"&amp#27;[0m&amp#27;[32m in &amp#27;[0m&amp#27;[32m&amp#27;[1m"units"&amp#27;[0m                                                                     &amp#27;[90m# stepdefinitions.CommonDefinitions.user_enter_in(java.lang.String,java.lang.String)&amp#27;[0m
  &amp#27;[32mAnd &amp#27;[0m&amp#27;[32mUser select &amp#27;[0m&amp#27;[32m&amp#27;[1m"Routine"&amp#27;[0m&amp#27;[32m from &amp#27;[0m&amp#27;[32m&amp#27;[1m"Routine or SIA"&amp#27;[0m&amp#27;[32m in &amp#27;[0m&amp#27;[32m&amp#27;[1m"Arrivals"&amp#27;[0m&amp#27;[32m tab&amp#27;[0m                                  &amp#27;[90m# stepdefinitions.CommonDefinitions.user_select_from(java.lang.String,java.lang.String,java.lang.String)&amp#27;[0m
  &amp#27;[32mAnd &amp#27;[0m&amp#27;[32mUser select &amp#27;[0m&amp#27;[32m&amp#27;[1m"Indonesia"&amp#27;[0m&amp#27;[32m from &amp#27;[0m&amp#27;[32m&amp#27;[1m"Origin"&amp#27;[0m&amp#27;[32m in &amp#27;[0m&amp#27;[32m&amp#27;[1m"Arrivals"&amp#27;[0m&amp#27;[32m tab&amp#27;[0m                                        &amp#27;[90m# stepdefinitions.CommonDefinitions.user_select_from(java.lang.String,java.lang.String,java.lang.String)&amp#27;[0m
  &amp#27;[32mAnd &amp#27;[0m&amp#27;[32mUser select &amp#27;[0m&amp#27;[32m&amp#27;[1m"Alarm"&amp#27;[0m&amp#27;[32m from &amp#27;[0m&amp#27;[32m&amp#27;[1m"Shipping/Freeze Indicator"&amp#27;[0m&amp#27;[32m in &amp#27;[0m&amp#27;[32m&amp#27;[1m"Arrivals"&amp#27;[0m&amp#27;[32m tab&amp#27;[0m                         &amp#27;[90m# stepdefinitions.CommonDefinitions.user_select_from(java.lang.String,java.lang.String,java.lang.String)&amp#27;[0m
  &amp#27;[32mAnd &amp#27;[0m&amp#27;[32mUser enter &amp#27;[0m&amp#27;[32m&amp#27;[1m"20"&amp#27;[0m&amp#27;[32m in &amp#27;[0m&amp#27;[32m&amp#27;[1m"noOfVials"&amp#27;[0m                                                                 &amp#27;[90m# stepdefinitions.CommonDefinitions.user_enter_in(java.lang.String,java.lang.String)&amp#27;[0m
  &amp#27;[32mAnd &amp#27;[0m&amp#27;[32mUser enter &amp#27;[0m&amp#27;[32m&amp#27;[1m"20"&amp#27;[0m&amp#27;[32m in &amp#27;[0m&amp#27;[32m&amp#27;[1m"totalVolume"&amp#27;[0m                                                               &amp#27;[90m# stepdefinitions.CommonDefinitions.user_enter_in(java.lang.String,java.lang.String)&amp#27;[0m
  &amp#27;[32mAnd &amp#27;[0m&amp#27;[32mUser select &amp#27;[0m&amp#27;[32m&amp#27;[1m"Ambient_2022"&amp#27;[0m&amp#27;[32m from &amp#27;[0m&amp#27;[32m&amp#27;[1m"Storage Location"&amp#27;[0m&amp#27;[32m in &amp#27;[0m&amp#27;[32m&amp#27;[1m"Arrivals"&amp#27;[0m&amp#27;[32m tab&amp#27;[0m                           &amp#27;[90m# stepdefinitions.CommonDefinitions.user_select_from(java.lang.String,java.lang.String,java.lang.String)&amp#27;[0m
  &amp#27;[32mAnd &amp#27;[0m&amp#27;[32mUser enter &amp#27;[0m&amp#27;[32m&amp#27;[1m"1000"&amp#27;[0m&amp#27;[32m in &amp#27;[0m&amp#27;[32m&amp#27;[1m"totalCost"&amp#27;[0m                                                               &amp#27;[90m# stepdefinitions.CommonDefinitions.user_enter_in(java.lang.String,java.lang.String)&amp#27;[0m
  &amp#27;[32mAnd &amp#27;[0m&amp#27;[32mUser enter random text in &amp#27;[0m&amp#27;[32m&amp#27;[1m"comments"&amp#27;[0m                                                           &amp#27;[90m# stepdefinitions.CommonDefinitions.user_enter_random_text_in(java.lang.String)&amp#27;[0m
  &amp#27;[32mThen &amp#27;[0m&amp#27;[32mUser click on &amp#27;[0m&amp#27;[32m&amp#27;[1m"Create"&amp#27;[0m&amp#27;[32m button&amp#27;[0m                                                                 &amp#27;[90m# stepdefinitions.CommonDefinitions.user_click_on_button(java.lang.String)&amp#27;[0m
  &amp#27;[32mAnd &amp#27;[0m&amp#27;[32mUser click on &amp#27;[0m&amp#27;[32m&amp#27;[1m"Continue"&amp#27;[0m&amp#27;[32m button&amp#27;[0m                                                                &amp#27;[90m# stepdefinitions.CommonDefinitions.user_click_on_button(java.lang.String)&amp#27;[0m
  &amp#27;[32mThen &amp#27;[0m&amp#27;[32mArrivals line is created successfully&amp#27;[0m                                                         &amp#27;[90m# stepdefinitions.StoreOperator.ArrivalsDefinition.storage_data_is_created_sucessfully()&amp#27;[0m
  &amp#27;[32mAnd &amp#27;[0m&amp#27;[32mArrivals line Data is visible in arrival line table to user&amp#27;[0m                                    &amp#27;[90m# stepdefinitions.StoreOperator.ArrivalsDefinition.arrivals_line_data_is_visible_in_storage_data_table_to_user()&amp#27;[0m
  &amp#27;[32mWhen &amp#27;[0m&amp#27;[32mUser click on &amp#27;[0m&amp#27;[32m&amp#27;[1m"Save as draft and go back"&amp#27;[0m&amp#27;[32m button&amp#27;[0m                                              &amp#27;[90m# stepdefinitions.CommonDefinitions.user_click_on_button(java.lang.String)&amp#27;[0m
  &amp#27;[32mAnd &amp#27;[0m&amp#27;[32mUser click on &amp#27;[0m&amp#27;[32m&amp#27;[1m"Yes"&amp#27;[0m&amp#27;[32m button&amp#27;[0m                                                                     &amp#27;[90m# stepdefinitions.CommonDefinitions.user_click_on_button(java.lang.String)&amp#27;[0m
  &amp#27;[32mAnd &amp#27;[0m&amp#27;[32mValidate arrival state is &amp#27;[0m&amp#27;[32m&amp#27;[1m"Draft"&amp#27;[0m                                                              &amp#27;[90m# stepdefinitions.StoreOperator.ArrivalsDefinition.validate_arrival_state_is(java.lang.String)&amp#27;[0m
  &amp#27;[32mThen &amp#27;[0m&amp#27;[32mArrivals Data is visible in arrivals table to user&amp#27;[0m                                            &amp#27;[90m# stepdefinitions.StoreOperator.ArrivalsDefinition.arrivals_data_is_visible_in_stock_arrival_table_to_user()&amp#27;[0m
  &amp#27;[32mWhen &amp#27;[0m&amp#27;[32mUser edit the Arrivals data&amp#27;[0m                                                                   &amp#27;[90m# stepdefinitions.StoreOperator.ArrivalsDefinition.user_edit_the_arrivals_data()&amp#27;[0m
  &amp#27;[32mThen &amp#27;[0m&amp#27;[32m&amp#27;[0m&amp#27;[32m&amp#27;[1m"Stock Arrival"&amp#27;[0m&amp#27;[32m text is visible&amp#27;[0m                                                               &amp#27;[90m# stepdefinitions.CommonDefinitions.text_is_visible(java.lang.String)&amp#27;[0m
  &amp#27;[32mAnd &amp#27;[0m&amp#27;[32mUser select &amp#27;[0m&amp#27;[32m&amp#27;[1m"Arrival"&amp#27;[0m&amp#27;[32m from &amp#27;[0m&amp#27;[32m&amp#27;[1m"Receipt Type"&amp#27;[0m&amp#27;[32m in &amp#27;[0m&amp#27;[32m&amp#27;[1m"Arrivals"&amp#27;[0m&amp#27;[32m tab&amp#27;[0m                                    &amp#27;[90m# stepdefinitions.CommonDefinitions.user_select_from(java.lang.String,java.lang.String,java.lang.String)&amp#27;[0m
  &amp#27;[32mAnd &amp#27;[0m&amp#27;[32mUser enter random text in &amp#27;[0m&amp#27;[32m&amp#27;[1m"smtNumber"&amp#27;[0m                                                          &amp#27;[90m# stepdefinitions.CommonDefinitions.user_enter_random_text_in(java.lang.String)&amp#27;[0m
  &amp#27;[32mAnd &amp#27;[0m&amp#27;[32mUser enter random number in &amp#27;[0m&amp#27;[32m&amp#27;[1m"shippingReferance"&amp#27;[0m                                                &amp#27;[90m# stepdefinitions.CommonDefinitions.user_enter_random_number_in(java.lang.String)&amp#27;[0m
  &amp#27;[32mAnd &amp#27;[0m&amp#27;[32mUser enter random text in &amp#27;[0m&amp#27;[32m&amp#27;[1m"fundingSource"&amp#27;[0m                                                      &amp#27;[90m# stepdefinitions.CommonDefinitions.user_enter_random_text_in(java.lang.String)&amp#27;[0m
  &amp#27;[32mAnd &amp#27;[0m&amp#27;[32mUser select &amp#27;[0m&amp#27;[32m&amp#27;[1m"AUD"&amp#27;[0m&amp#27;[32m from &amp#27;[0m&amp#27;[32m&amp#27;[1m"Currency"&amp#27;[0m&amp#27;[32m in &amp#27;[0m&amp#27;[32m&amp#27;[1m"Arrivals"&amp#27;[0m&amp#27;[32m tab&amp#27;[0m                                            &amp#27;[90m# stepdefinitions.CommonDefinitions.user_select_from(java.lang.String,java.lang.String,java.lang.String)&amp#27;[0m
  &amp#27;[32mAnd &amp#27;[0m&amp#27;[32mUser enter random number in &amp#27;[0m&amp#27;[32m&amp#27;[1m"freightCost"&amp#27;[0m                                                      &amp#27;[90m# stepdefinitions.CommonDefinitions.user_enter_random_number_in(java.lang.String)&amp#27;[0m
  &amp#27;[32mWhen &amp#27;[0m&amp#27;[32mUser edit the line in arrival&amp#27;[0m                                                                 &amp#27;[90m# stepdefinitions.StoreOperator.ArrivalsDefinition.user_edit_the_line_in_arrival()&amp#27;[0m
  &amp#27;[32mAnd &amp#27;[0m&amp#27;[32mUser select &amp#27;[0m&amp#27;[32m&amp#27;[1m"Vaccine"&amp#27;[0m&amp#27;[32m from &amp#27;[0m&amp#27;[32m&amp#27;[1m"Product Type"&amp#27;[0m&amp#27;[32m in &amp#27;[0m&amp#27;[32m&amp#27;[1m"Arrivals"&amp#27;[0m&amp#27;[32m tab&amp#27;[0m                                    &amp#27;[90m# stepdefinitions.CommonDefinitions.user_select_from(java.lang.String,java.lang.String,java.lang.String)&amp#27;[0m
  &amp#27;[32mAnd &amp#27;[0m&amp#27;[32mUser select &amp#27;[0m&amp#27;[32m&amp#27;[1m"bOPV"&amp#27;[0m&amp#27;[32m from &amp#27;[0m&amp#27;[32m&amp#27;[1m"Product"&amp#27;[0m&amp#27;[32m in &amp#27;[0m&amp#27;[32m&amp#27;[1m"Arrivals"&amp#27;[0m&amp#27;[32m tab&amp#27;[0m                                            &amp#27;[90m# stepdefinitions.CommonDefinitions.user_select_from(java.lang.String,java.lang.String,java.lang.String)&amp#27;[0m
  &amp#27;[32mAnd &amp#27;[0m&amp#27;[32mUser enter random text in &amp#27;[0m&amp#27;[32m&amp#27;[1m"batchNo"&amp#27;[0m                                                            &amp#27;[90m# stepdefinitions.CommonDefinitions.user_enter_random_text_in(java.lang.String)&amp#27;[0m
  &amp#27;[32mAnd &amp#27;[0m&amp#27;[32mUser select &amp#27;[0m&amp#27;[32m&amp#27;[1m"PT ONEJECT INDONESIA"&amp#27;[0m&amp#27;[32m from &amp#27;[0m&amp#27;[32m&amp#27;[1m"Producer"&amp#27;[0m&amp#27;[32m in &amp#27;[0m&amp#27;[32m&amp#27;[1m"Arrivals"&amp#27;[0m&amp#27;[32m tab&amp#27;[0m                           &amp#27;[90m# stepdefinitions.CommonDefinitions.user_select_from(java.lang.String,java.lang.String,java.lang.String)&amp#27;[0m
  &amp#27;[32mAnd &amp#27;[0m&amp#27;[32mUser select &amp#27;[0m&amp#27;[32m&amp#27;[1m"BIOPOLIO B1/3"&amp#27;[0m&amp#27;[32m from &amp#27;[0m&amp#27;[32m&amp#27;[1m"Commercial Name"&amp#27;[0m&amp#27;[32m in &amp#27;[0m&amp#27;[32m&amp#27;[1m"Arrivals"&amp#27;[0m&amp#27;[32m tab&amp#27;[0m                           &amp#27;[90m# stepdefinitions.CommonDefinitions.user_select_from(java.lang.String,java.lang.String,java.lang.String)&amp#27;[0m
  &amp#27;[32mAnd &amp#27;[0m&amp#27;[32mUser select &amp#27;[0m&amp#27;[32m&amp#27;[1m"Liquid: ready to use"&amp#27;[0m&amp#27;[32m from &amp#27;[0m&amp#27;[32m&amp#27;[1m"Formulation"&amp#27;[0m&amp#27;[32m in &amp#27;[0m&amp#27;[32m&amp#27;[1m"Arrivals"&amp#27;[0m&amp#27;[32m tab&amp#27;[0m                        &amp#27;[90m# stepdefinitions.CommonDefinitions.user_select_from(java.lang.String,java.lang.String,java.lang.String)&amp#27;[0m
  &amp#27;[32mAnd &amp#27;[0m&amp#27;[32mUser select &amp#27;[0m&amp#27;[32m&amp#27;[1m"10"&amp#27;[0m&amp#27;[32m from &amp#27;[0m&amp#27;[32m&amp#27;[1m"Presentation"&amp#27;[0m&amp#27;[32m in &amp#27;[0m&amp#27;[32m&amp#27;[1m"Arrivals"&amp#27;[0m&amp#27;[32m tab&amp#27;[0m                                         &amp#27;[90m# stepdefinitions.CommonDefinitions.user_select_from(java.lang.String,java.lang.String,java.lang.String)&amp#27;[0m
  &amp#27;[32mAnd &amp#27;[0m&amp#27;[32mUser select &amp#27;[0m&amp#27;[32m&amp#27;[1m"1.Initial stage"&amp#27;[0m&amp#27;[32m from &amp#27;[0m&amp#27;[32m&amp#27;[1m"VVM Stage"&amp#27;[0m&amp#27;[32m in &amp#27;[0m&amp#27;[32m&amp#27;[1m"Arrivals"&amp#27;[0m&amp#27;[32m tab&amp#27;[0m                               &amp#27;[90m# stepdefinitions.CommonDefinitions.user_select_from(java.lang.String,java.lang.String,java.lang.String)&amp#27;[0m
  &amp#27;[32mAnd &amp#27;[0m&amp#27;[32mUser enter &amp#27;[0m&amp#27;[32m&amp#27;[1m"20"&amp#27;[0m&amp#27;[32m in &amp#27;[0m&amp#27;[32m&amp#27;[1m"units"&amp#27;[0m                                                                     &amp#27;[90m# stepdefinitions.CommonDefinitions.user_enter_in(java.lang.String,java.lang.String)&amp#27;[0m
  &amp#27;[32mAnd &amp#27;[0m&amp#27;[32mUser select &amp#27;[0m&amp#27;[32m&amp#27;[1m"Routine"&amp#27;[0m&amp#27;[32m from &amp#27;[0m&amp#27;[32m&amp#27;[1m"Routine or SIA"&amp#27;[0m&amp#27;[32m in &amp#27;[0m&amp#27;[32m&amp#27;[1m"Arrivals"&amp#27;[0m&amp#27;[32m tab&amp#27;[0m                                  &amp#27;[90m# stepdefinitions.CommonDefinitions.user_select_from(java.lang.String,java.lang.String,java.lang.String)&amp#27;[0m
  &amp#27;[32mAnd &amp#27;[0m&amp#27;[32mUser select &amp#27;[0m&amp#27;[32m&amp#27;[1m"Indonesia"&amp#27;[0m&amp#27;[32m from &amp#27;[0m&amp#27;[32m&amp#27;[1m"Origin"&amp#27;[0m&amp#27;[32m in &amp#27;[0m&amp#27;[32m&amp#27;[1m"Arrivals"&amp#27;[0m&amp#27;[32m tab&amp#27;[0m                                        &amp#27;[90m# stepdefinitions.CommonDefinitions.user_select_from(java.lang.String,java.lang.String,java.lang.String)&amp#27;[0m
  &amp#27;[32mAnd &amp#27;[0m&amp#27;[32mUser select &amp#27;[0m&amp#27;[32m&amp#27;[1m"Alarm"&amp#27;[0m&amp#27;[32m from &amp#27;[0m&amp#27;[32m&amp#27;[1m"Shipping/Freeze Indicator"&amp#27;[0m&amp#27;[32m in &amp#27;[0m&amp#27;[32m&amp#27;[1m"Arrivals"&amp#27;[0m&amp#27;[32m tab&amp#27;[0m                         &amp#27;[90m# stepdefinitions.CommonDefinitions.user_select_from(java.lang.String,java.lang.String,java.lang.String)&amp#27;[0m
  &amp#27;[32mAnd &amp#27;[0m&amp#27;[32mUser enter &amp#27;[0m&amp#27;[32m&amp#27;[1m"20"&amp#27;[0m&amp#27;[32m in &amp#27;[0m&amp#27;[32m&amp#27;[1m"noOfVials"&amp#27;[0m                                                                 &amp#27;[90m# stepdefinitions.CommonDefinitions.user_enter_in(java.lang.String,java.lang.String)&amp#27;[0m
  &amp#27;[32mAnd &amp#27;[0m&amp#27;[32mUser enter &amp#27;[0m&amp#27;[32m&amp#27;[1m"20"&amp#27;[0m&amp#27;[32m in &amp#27;[0m&amp#27;[32m&amp#27;[1m"totalVolume"&amp#27;[0m                                                               &amp#27;[90m# stepdefinitions.CommonDefinitions.user_enter_in(java.lang.String,java.lang.String)&amp#27;[0m
  &amp#27;[32mAnd &amp#27;[0m&amp#27;[32mUser select &amp#27;[0m&amp#27;[32m&amp#27;[1m"Ambient_2022"&amp#27;[0m&amp#27;[32m from &amp#27;[0m&amp#27;[32m&amp#27;[1m"Storage Location"&amp#27;[0m&amp#27;[32m in &amp#27;[0m&amp#27;[32m&amp#27;[1m"Arrivals"&amp#27;[0m&amp#27;[32m tab&amp#27;[0m                           &amp#27;[90m# stepdefinitions.CommonDefinitions.user_select_from(java.lang.String,java.lang.String,java.lang.String)&amp#27;[0m
  &amp#27;[32mAnd &amp#27;[0m&amp#27;[32mUser enter &amp#27;[0m&amp#27;[32m&amp#27;[1m"1000"&amp#27;[0m&amp#27;[32m in &amp#27;[0m&amp#27;[32m&amp#27;[1m"totalCost"&amp#27;[0m                                                               &amp#27;[90m# stepdefinitions.CommonDefinitions.user_enter_in(java.lang.String,java.lang.String)&amp#27;[0m
  &amp#27;[32mAnd &amp#27;[0m&amp#27;[32mUser enter random text in &amp#27;[0m&amp#27;[32m&amp#27;[1m"comments"&amp#27;[0m                                                           &amp#27;[90m# stepdefinitions.CommonDefinitions.user_enter_random_text_in(java.lang.String)&amp#27;[0m
  &amp#27;[32mAnd &amp#27;[0m&amp#27;[32mUser click on &amp#27;[0m&amp#27;[32m&amp#27;[1m"Update"&amp#27;[0m&amp#27;[32m button&amp#27;[0m                                                                  &amp#27;[90m# stepdefinitions.CommonDefinitions.user_click_on_button(java.lang.String)&amp#27;[0m
  &amp#27;[32mAnd &amp#27;[0m&amp#27;[32mUser click on &amp#27;[0m&amp#27;[32m&amp#27;[1m"Continue"&amp#27;[0m&amp#27;[32m button&amp#27;[0m                                                                &amp#27;[90m# stepdefinitions.CommonDefinitions.user_click_on_button(java.lang.String)&amp#27;[0m
  &amp#27;[32mThen &amp#27;[0m&amp#27;[32mArrivals line is updated successfully&amp#27;[0m                                                         &amp#27;[90m# stepdefinitions.StoreOperator.ArrivalsDefinition.arrival_line_is_updated_sucessfully()&amp#27;[0m
  &amp#27;[32mAnd &amp#27;[0m&amp#27;[32mArrivals line Data is visible in arrival line table to user&amp#27;[0m                                    &amp#27;[90m# stepdefinitions.StoreOperator.ArrivalsDefinition.arrivals_line_data_is_visible_in_storage_data_table_to_user()&amp#27;[0m
  &amp#27;[32mWhen &amp#27;[0m&amp#27;[32mUser click on &amp#27;[0m&amp#27;[32m&amp#27;[1m"Finalize"&amp#27;[0m&amp#27;[32m button&amp#27;[0m                                                               &amp#27;[90m# stepdefinitions.CommonDefinitions.user_click_on_button(java.lang.String)&amp#27;[0m
  &amp#27;[32mAnd &amp#27;[0m&amp#27;[32mUser click on &amp#27;[0m&amp#27;[32m&amp#27;[1m"Continue"&amp#27;[0m&amp#27;[32m button&amp#27;[0m                                                                &amp#27;[90m# stepdefinitions.CommonDefinitions.user_click_on_button(java.lang.String)&amp#27;[0m
  &amp#27;[32mThen &amp#27;[0m&amp#27;[32mArrivals data is update successfully&amp#27;[0m                                                          &amp#27;[90m# stepdefinitions.StoreOperator.ArrivalsDefinition.arrival_is_updated_sucessfully()&amp#27;[0m
  &amp#27;[32mAnd &amp#27;[0m&amp#27;[32mArrivals Data is visible in arrivals table to user&amp#27;[0m                                             &amp#27;[90m# stepdefinitions.StoreOperator.ArrivalsDefinition.arrivals_data_is_visible_in_stock_arrival_table_to_user()&amp#27;[0m
  &amp#27;[32mAnd &amp#27;[0m&amp#27;[32mValidate arrival state is &amp#27;[0m&amp#27;[32m&amp#27;[1m"Complete"&amp#27;[0m                                                           &amp#27;[90m# stepdefinitions.StoreOperator.ArrivalsDefinition.validate_arrival_state_is(java.lang.String)&amp#27;[0m
17:57:25.679 [main] INFO   - 
  _____   ___   ___   _____     ___     _     ___   ___   ___   ___  
 |_   _| | __| / __| |_   _|   | _ \   /_\   / __| / __| | __| |   \ 
   | |   | _|  \__ \   | |     |  _/  / _ \  \__ \ \__ \ | _|  | |) |
   |_|   |___| |___/   |_|     |_|   /_/ \_\ |___/ |___/ |___| |___/ 

Verify user is able to update arrival line and arrival receipt type data before finalizing
----------------------------------------------------------------------
]]></system-out>
    <system-err><![CDATA[Starting ChromeDriver 108.0.5359.71 (1e0e3868ee06e91ad636a874420e3ca3ae3756ac-refs/branch-heads/5359@{#1016}) on port 40064
Only local connections are allowed.
Please see https://chromedriver.chromium.org/security-considerations for suggestions on keeping ChromeDriver safe.
ChromeDriver was started successfully.
Dec 23, 2022 5:56:20 PM org.openqa.selenium.devtools.CdpVersionFinder findNearestMatch
WARNING: Unable to find an exact match for CDP version 108, so returning the closest version found: 107
]]></system-err>
  </testcase>
  <testcase name="Verify user is able to delete arrival line and arrival receipt type data before finalizing" classname="Arrivals tab in SMT application for Store Operator user #1" time="67.19">
    <system-out><![CDATA[
Scenario: Verify user is able to delete arrival line and arrival receipt type data before finalizing &amp#27;[90m# src/test/resources/features/StoreOperator/Arrivals.feature:182&amp#27;[0m
17:57:25.716 [main] INFO  i.c.core.plugin.SerenityReporter - Running feature from file:///C:/Users/Sandeepkumar.Phalke/eclipse-workspace/UNICEF_SerenityBDD_Automation_Framework/src/test/resources/features/StoreOperator/Arrivals.feature
17:57:25.718 [main] INFO   - 
  _____   ___   ___   _____     ___   _____     _     ___   _____   ___   ___  
 |_   _| | __| / __| |_   _|   / __| |_   _|   /_\   | _ \ |_   _| | __| |   \ 
   | |   | _|  \__ \   | |     \__ \   | |    / _ \  |   /   | |   | _|  | |) |
   |_|   |___| |___/   |_|     |___/   |_|   /_/ \_\ |_|_\   |_|   |___| |___/ 

Verify user is able to delete arrival line and arrival receipt type data before finalizing(arrivals-tab-in-smt-application-for-store-operator-user;verify-user-is-able-to-delete-arrival-line-and-arrival-receipt-type-data-before-finalizing)
--------------------------------------------------------------------------------
17:57:25.900 [main] INFO  n.s.c.w.d.ChromeDriverProvider - Starting Chrome driver instance with capabilities:
17:57:25.900 [main] INFO  n.s.c.w.d.ChromeDriverProvider - Capabilities {acceptInsecureCerts: false, browserName: chrome, goog:chromeOptions: {args: [test-type, no-sandbox, ignore-certificate-errors, --window-size=1000,800, incognito, disable-infobars, disable-gpu, disable-default-apps, disable-popup-blocking], extensions: []}}
  &amp#27;[32mGiven &amp#27;[0m&amp#27;[32mUser is on home page&amp#27;[0m                                                                         &amp#27;[90m# stepdefinitions.CommonDefinitions.user_is_on_home_page()&amp#27;[0m
  &amp#27;[32mWhen &amp#27;[0m&amp#27;[32mUser is getting correct title of home page&amp#27;[0m                                                    &amp#27;[90m# stepdefinitions.SignInDefinitions.user_is_getting_correct_title_of_home_page()&amp#27;[0m
  &amp#27;[32mThen &amp#27;[0m&amp#27;[32mUser click on login button&amp#27;[0m                                                                    &amp#27;[90m# stepdefinitions.HomeDefinitions.user_click_on_login_button()&amp#27;[0m
  &amp#27;[32mWhen &amp#27;[0m&amp#27;[32mUser click on Proceed To Login button in &amp#27;[0m&amp#27;[32m&amp#27;[1m"English"&amp#27;[0m                                            &amp#27;[90m# stepdefinitions.HomeDefinitions.user_click_on_proceed_to_login_button_in(java.lang.String)&amp#27;[0m
  &amp#27;[32mThen &amp#27;[0m&amp#27;[32mUser enter email&amp#27;[0m                                                                              &amp#27;[90m# stepdefinitions.SignInDefinitions.user_enter_email()&amp#27;[0m
  &amp#27;[32mAnd &amp#27;[0m&amp#27;[32mUser enter password&amp#27;[0m                                                                            &amp#27;[90m# stepdefinitions.SignInDefinitions.user_enter_password()&amp#27;[0m
  &amp#27;[32mWhen &amp#27;[0m&amp#27;[32mUser click on sign in button&amp#27;[0m                                                                  &amp#27;[90m# stepdefinitions.SignInDefinitions.user_click_on_sign_in_button()&amp#27;[0m
  &amp#27;[32mGiven &amp#27;[0m&amp#27;[32mUser click on &amp#27;[0m&amp#27;[32m&amp#27;[1m"Apply"&amp#27;[0m&amp#27;[32m button&amp#27;[0m                                                                 &amp#27;[90m# stepdefinitions.CommonDefinitions.user_click_on_button(java.lang.String)&amp#27;[0m
  &amp#27;[32mAnd &amp#27;[0m&amp#27;[32mUser click on &amp#27;[0m&amp#27;[32m&amp#27;[1m"Arrivals"&amp#27;[0m&amp#27;[32m tab&amp#27;[0m                                                                   &amp#27;[90m# stepdefinitions.CommonDefinitions.user_click_on_tab(java.lang.String)&amp#27;[0m
  &amp#27;[32mGiven &amp#27;[0m&amp#27;[32mUser click on &amp#27;[0m&amp#27;[32m&amp#27;[1m"Log New Arrival"&amp#27;[0m&amp#27;[32m button&amp#27;[0m                                                       &amp#27;[90m# stepdefinitions.CommonDefinitions.user_click_on_button(java.lang.String)&amp#27;[0m
  &amp#27;[32mAnd &amp#27;[0m&amp#27;[32m&amp#27;[0m&amp#27;[32m&amp#27;[1m"Stock Arrival"&amp#27;[0m&amp#27;[32m text is visible&amp#27;[0m                                                                &amp#27;[90m# stepdefinitions.CommonDefinitions.text_is_visible(java.lang.String)&amp#27;[0m
  &amp#27;[32mAnd &amp#27;[0m&amp#27;[32mUser select &amp#27;[0m&amp#27;[32m&amp#27;[1m"Arrival"&amp#27;[0m&amp#27;[32m from &amp#27;[0m&amp#27;[32m&amp#27;[1m"Receipt Type"&amp#27;[0m&amp#27;[32m in &amp#27;[0m&amp#27;[32m&amp#27;[1m"Arrivals"&amp#27;[0m&amp#27;[32m tab&amp#27;[0m                                    &amp#27;[90m# stepdefinitions.CommonDefinitions.user_select_from(java.lang.String,java.lang.String,java.lang.String)&amp#27;[0m
  &amp#27;[32mAnd &amp#27;[0m&amp#27;[32mUser enter random text in &amp#27;[0m&amp#27;[32m&amp#27;[1m"smtNumber"&amp#27;[0m                                                          &amp#27;[90m# stepdefinitions.CommonDefinitions.user_enter_random_text_in(java.lang.String)&amp#27;[0m
  &amp#27;[32mAnd &amp#27;[0m&amp#27;[32mUser enter random number in &amp#27;[0m&amp#27;[32m&amp#27;[1m"shippingReferance"&amp#27;[0m                                                &amp#27;[90m# stepdefinitions.CommonDefinitions.user_enter_random_number_in(java.lang.String)&amp#27;[0m
  &amp#27;[32mAnd &amp#27;[0m&amp#27;[32mUser enter random text in &amp#27;[0m&amp#27;[32m&amp#27;[1m"fundingSource"&amp#27;[0m                                                      &amp#27;[90m# stepdefinitions.CommonDefinitions.user_enter_random_text_in(java.lang.String)&amp#27;[0m
  &amp#27;[32mAnd &amp#27;[0m&amp#27;[32mUser select &amp#27;[0m&amp#27;[32m&amp#27;[1m"AUD"&amp#27;[0m&amp#27;[32m from &amp#27;[0m&amp#27;[32m&amp#27;[1m"Currency"&amp#27;[0m&amp#27;[32m in &amp#27;[0m&amp#27;[32m&amp#27;[1m"Arrivals"&amp#27;[0m&amp#27;[32m tab&amp#27;[0m                                            &amp#27;[90m# stepdefinitions.CommonDefinitions.user_select_from(java.lang.String,java.lang.String,java.lang.String)&amp#27;[0m
  &amp#27;[32mAnd &amp#27;[0m&amp#27;[32mUser enter random number in &amp#27;[0m&amp#27;[32m&amp#27;[1m"freightCost"&amp#27;[0m                                                      &amp#27;[90m# stepdefinitions.CommonDefinitions.user_enter_random_number_in(java.lang.String)&amp#27;[0m
  &amp#27;[32mWhen &amp#27;[0m&amp#27;[32mUser click on &amp#27;[0m&amp#27;[32m&amp#27;[1m"Add Line to Arrival"&amp#27;[0m&amp#27;[32m button&amp#27;[0m                                                    &amp#27;[90m# stepdefinitions.CommonDefinitions.user_click_on_button(java.lang.String)&amp#27;[0m
  &amp#27;[32mThen &amp#27;[0m&amp#27;[32m&amp#27;[0m&amp#27;[32m&amp#27;[1m"Add Product to Arrival"&amp#27;[0m&amp#27;[32m heading is visible&amp#27;[0m                                                   &amp#27;[90m# stepdefinitions.CommonDefinitions.heading_is_visible(java.lang.String)&amp#27;[0m
  &amp#27;[32mAnd &amp#27;[0m&amp#27;[32mUser select &amp#27;[0m&amp#27;[32m&amp#27;[1m"Vaccine"&amp#27;[0m&amp#27;[32m from &amp#27;[0m&amp#27;[32m&amp#27;[1m"Product Type"&amp#27;[0m&amp#27;[32m in &amp#27;[0m&amp#27;[32m&amp#27;[1m"Arrivals"&amp#27;[0m&amp#27;[32m tab&amp#27;[0m                                    &amp#27;[90m# stepdefinitions.CommonDefinitions.user_select_from(java.lang.String,java.lang.String,java.lang.String)&amp#27;[0m
  &amp#27;[32mAnd &amp#27;[0m&amp#27;[32mUser select &amp#27;[0m&amp#27;[32m&amp#27;[1m"bOPV"&amp#27;[0m&amp#27;[32m from &amp#27;[0m&amp#27;[32m&amp#27;[1m"Product"&amp#27;[0m&amp#27;[32m in &amp#27;[0m&amp#27;[32m&amp#27;[1m"Arrivals"&amp#27;[0m&amp#27;[32m tab&amp#27;[0m                                            &amp#27;[90m# stepdefinitions.CommonDefinitions.user_select_from(java.lang.String,java.lang.String,java.lang.String)&amp#27;[0m
  &amp#27;[32mAnd &amp#27;[0m&amp#27;[32mUser enter random text in &amp#27;[0m&amp#27;[32m&amp#27;[1m"batchNo"&amp#27;[0m                                                            &amp#27;[90m# stepdefinitions.CommonDefinitions.user_enter_random_text_in(java.lang.String)&amp#27;[0m
  &amp#27;[32mAnd &amp#27;[0m&amp#27;[32mUser select &amp#27;[0m&amp#27;[32m&amp#27;[1m"PT ONEJECT INDONESIA"&amp#27;[0m&amp#27;[32m from &amp#27;[0m&amp#27;[32m&amp#27;[1m"Producer"&amp#27;[0m&amp#27;[32m in &amp#27;[0m&amp#27;[32m&amp#27;[1m"Arrivals"&amp#27;[0m&amp#27;[32m tab&amp#27;[0m                           &amp#27;[90m# stepdefinitions.CommonDefinitions.user_select_from(java.lang.String,java.lang.String,java.lang.String)&amp#27;[0m
  &amp#27;[32mAnd &amp#27;[0m&amp#27;[32mUser select &amp#27;[0m&amp#27;[32m&amp#27;[1m"BIOPOLIO B1/3"&amp#27;[0m&amp#27;[32m from &amp#27;[0m&amp#27;[32m&amp#27;[1m"Commercial Name"&amp#27;[0m&amp#27;[32m in &amp#27;[0m&amp#27;[32m&amp#27;[1m"Arrivals"&amp#27;[0m&amp#27;[32m tab&amp#27;[0m                           &amp#27;[90m# stepdefinitions.CommonDefinitions.user_select_from(java.lang.String,java.lang.String,java.lang.String)&amp#27;[0m
  &amp#27;[32mAnd &amp#27;[0m&amp#27;[32mUser select &amp#27;[0m&amp#27;[32m&amp#27;[1m"Liquid: ready to use"&amp#27;[0m&amp#27;[32m from &amp#27;[0m&amp#27;[32m&amp#27;[1m"Formulation"&amp#27;[0m&amp#27;[32m in &amp#27;[0m&amp#27;[32m&amp#27;[1m"Arrivals"&amp#27;[0m&amp#27;[32m tab&amp#27;[0m                        &amp#27;[90m# stepdefinitions.CommonDefinitions.user_select_from(java.lang.String,java.lang.String,java.lang.String)&amp#27;[0m
  &amp#27;[32mAnd &amp#27;[0m&amp#27;[32mUser select &amp#27;[0m&amp#27;[32m&amp#27;[1m"10"&amp#27;[0m&amp#27;[32m from &amp#27;[0m&amp#27;[32m&amp#27;[1m"Presentation"&amp#27;[0m&amp#27;[32m in &amp#27;[0m&amp#27;[32m&amp#27;[1m"Arrivals"&amp#27;[0m&amp#27;[32m tab&amp#27;[0m                                         &amp#27;[90m# stepdefinitions.CommonDefinitions.user_select_from(java.lang.String,java.lang.String,java.lang.String)&amp#27;[0m
  &amp#27;[32mAnd &amp#27;[0m&amp#27;[32mUser select &amp#27;[0m&amp#27;[32m&amp#27;[1m"1.Initial stage"&amp#27;[0m&amp#27;[32m from &amp#27;[0m&amp#27;[32m&amp#27;[1m"VVM Stage"&amp#27;[0m&amp#27;[32m in &amp#27;[0m&amp#27;[32m&amp#27;[1m"Arrivals"&amp#27;[0m&amp#27;[32m tab&amp#27;[0m                               &amp#27;[90m# stepdefinitions.CommonDefinitions.user_select_from(java.lang.String,java.lang.String,java.lang.String)&amp#27;[0m
  &amp#27;[32mAnd &amp#27;[0m&amp#27;[32mUser enter &amp#27;[0m&amp#27;[32m&amp#27;[1m"20"&amp#27;[0m&amp#27;[32m in &amp#27;[0m&amp#27;[32m&amp#27;[1m"units"&amp#27;[0m                                                                     &amp#27;[90m# stepdefinitions.CommonDefinitions.user_enter_in(java.lang.String,java.lang.String)&amp#27;[0m
  &amp#27;[32mAnd &amp#27;[0m&amp#27;[32mUser select &amp#27;[0m&amp#27;[32m&amp#27;[1m"Routine"&amp#27;[0m&amp#27;[32m from &amp#27;[0m&amp#27;[32m&amp#27;[1m"Routine or SIA"&amp#27;[0m&amp#27;[32m in &amp#27;[0m&amp#27;[32m&amp#27;[1m"Arrivals"&amp#27;[0m&amp#27;[32m tab&amp#27;[0m                                  &amp#27;[90m# stepdefinitions.CommonDefinitions.user_select_from(java.lang.String,java.lang.String,java.lang.String)&amp#27;[0m
  &amp#27;[32mAnd &amp#27;[0m&amp#27;[32mUser select &amp#27;[0m&amp#27;[32m&amp#27;[1m"Indonesia"&amp#27;[0m&amp#27;[32m from &amp#27;[0m&amp#27;[32m&amp#27;[1m"Origin"&amp#27;[0m&amp#27;[32m in &amp#27;[0m&amp#27;[32m&amp#27;[1m"Arrivals"&amp#27;[0m&amp#27;[32m tab&amp#27;[0m                                        &amp#27;[90m# stepdefinitions.CommonDefinitions.user_select_from(java.lang.String,java.lang.String,java.lang.String)&amp#27;[0m
  &amp#27;[32mAnd &amp#27;[0m&amp#27;[32mUser select &amp#27;[0m&amp#27;[32m&amp#27;[1m"Alarm"&amp#27;[0m&amp#27;[32m from &amp#27;[0m&amp#27;[32m&amp#27;[1m"Shipping/Freeze Indicator"&amp#27;[0m&amp#27;[32m in &amp#27;[0m&amp#27;[32m&amp#27;[1m"Arrivals"&amp#27;[0m&amp#27;[32m tab&amp#27;[0m                         &amp#27;[90m# stepdefinitions.CommonDefinitions.user_select_from(java.lang.String,java.lang.String,java.lang.String)&amp#27;[0m
  &amp#27;[32mAnd &amp#27;[0m&amp#27;[32mUser enter &amp#27;[0m&amp#27;[32m&amp#27;[1m"20"&amp#27;[0m&amp#27;[32m in &amp#27;[0m&amp#27;[32m&amp#27;[1m"noOfVials"&amp#27;[0m                                                                 &amp#27;[90m# stepdefinitions.CommonDefinitions.user_enter_in(java.lang.String,java.lang.String)&amp#27;[0m
  &amp#27;[32mAnd &amp#27;[0m&amp#27;[32mUser enter &amp#27;[0m&amp#27;[32m&amp#27;[1m"20"&amp#27;[0m&amp#27;[32m in &amp#27;[0m&amp#27;[32m&amp#27;[1m"totalVolume"&amp#27;[0m                                                               &amp#27;[90m# stepdefinitions.CommonDefinitions.user_enter_in(java.lang.String,java.lang.String)&amp#27;[0m
  &amp#27;[32mAnd &amp#27;[0m&amp#27;[32mUser select &amp#27;[0m&amp#27;[32m&amp#27;[1m"Ambient_2022"&amp#27;[0m&amp#27;[32m from &amp#27;[0m&amp#27;[32m&amp#27;[1m"Storage Location"&amp#27;[0m&amp#27;[32m in &amp#27;[0m&amp#27;[32m&amp#27;[1m"Arrivals"&amp#27;[0m&amp#27;[32m tab&amp#27;[0m                           &amp#27;[90m# stepdefinitions.CommonDefinitions.user_select_from(java.lang.String,java.lang.String,java.lang.String)&amp#27;[0m
  &amp#27;[32mAnd &amp#27;[0m&amp#27;[32mUser enter &amp#27;[0m&amp#27;[32m&amp#27;[1m"1000"&amp#27;[0m&amp#27;[32m in &amp#27;[0m&amp#27;[32m&amp#27;[1m"totalCost"&amp#27;[0m                                                               &amp#27;[90m# stepdefinitions.CommonDefinitions.user_enter_in(java.lang.String,java.lang.String)&amp#27;[0m
  &amp#27;[32mAnd &amp#27;[0m&amp#27;[32mUser enter random text in &amp#27;[0m&amp#27;[32m&amp#27;[1m"comments"&amp#27;[0m                                                           &amp#27;[90m# stepdefinitions.CommonDefinitions.user_enter_random_text_in(java.lang.String)&amp#27;[0m
  &amp#27;[32mThen &amp#27;[0m&amp#27;[32mUser click on &amp#27;[0m&amp#27;[32m&amp#27;[1m"Create"&amp#27;[0m&amp#27;[32m button&amp#27;[0m                                                                 &amp#27;[90m# stepdefinitions.CommonDefinitions.user_click_on_button(java.lang.String)&amp#27;[0m
  &amp#27;[32mAnd &amp#27;[0m&amp#27;[32mUser click on &amp#27;[0m&amp#27;[32m&amp#27;[1m"Continue"&amp#27;[0m&amp#27;[32m button&amp#27;[0m                                                                &amp#27;[90m# stepdefinitions.CommonDefinitions.user_click_on_button(java.lang.String)&amp#27;[0m
  &amp#27;[32mThen &amp#27;[0m&amp#27;[32mArrivals line is created successfully&amp#27;[0m                                                         &amp#27;[90m# stepdefinitions.StoreOperator.ArrivalsDefinition.storage_data_is_created_sucessfully()&amp#27;[0m
  &amp#27;[32mAnd &amp#27;[0m&amp#27;[32mArrivals line Data is visible in arrival line table to user&amp#27;[0m                                    &amp#27;[90m# stepdefinitions.StoreOperator.ArrivalsDefinition.arrivals_line_data_is_visible_in_storage_data_table_to_user()&amp#27;[0m
  &amp#27;[32mWhen &amp#27;[0m&amp#27;[32mUser click on &amp#27;[0m&amp#27;[32m&amp#27;[1m"Save as draft and go back"&amp#27;[0m&amp#27;[32m button&amp#27;[0m                                              &amp#27;[90m# stepdefinitions.CommonDefinitions.user_click_on_button(java.lang.String)&amp#27;[0m
  &amp#27;[32mAnd &amp#27;[0m&amp#27;[32mUser click on &amp#27;[0m&amp#27;[32m&amp#27;[1m"Yes"&amp#27;[0m&amp#27;[32m button&amp#27;[0m                                                                     &amp#27;[90m# stepdefinitions.CommonDefinitions.user_click_on_button(java.lang.String)&amp#27;[0m
  &amp#27;[32mAnd &amp#27;[0m&amp#27;[32mValidate arrival state is &amp#27;[0m&amp#27;[32m&amp#27;[1m"Draft"&amp#27;[0m                                                              &amp#27;[90m# stepdefinitions.StoreOperator.ArrivalsDefinition.validate_arrival_state_is(java.lang.String)&amp#27;[0m
  &amp#27;[32mThen &amp#27;[0m&amp#27;[32mArrivals Data is visible in arrivals table to user&amp#27;[0m                                            &amp#27;[90m# stepdefinitions.StoreOperator.ArrivalsDefinition.arrivals_data_is_visible_in_stock_arrival_table_to_user()&amp#27;[0m
  &amp#27;[32mAnd &amp#27;[0m&amp#27;[32mUser edit the Arrivals data&amp#27;[0m                                                                    &amp#27;[90m# stepdefinitions.StoreOperator.ArrivalsDefinition.user_edit_the_arrivals_data()&amp#27;[0m
  &amp#27;[32mWhen &amp#27;[0m&amp#27;[32mUser delete the line in arrival&amp#27;[0m                                                               &amp#27;[90m# stepdefinitions.StoreOperator.ArrivalsDefinition.user_delete_the_line_in_arrival()&amp#27;[0m
  &amp#27;[32mAnd &amp#27;[0m&amp#27;[32mUser click on &amp#27;[0m&amp#27;[32m&amp#27;[1m"Yes"&amp#27;[0m&amp#27;[32m button&amp#27;[0m                                                                     &amp#27;[90m# stepdefinitions.CommonDefinitions.user_click_on_button(java.lang.String)&amp#27;[0m
  &amp#27;[32mThen &amp#27;[0m&amp#27;[32mArrivals line is deleted successfully&amp#27;[0m                                                         &amp#27;[90m# stepdefinitions.StoreOperator.ArrivalsDefinition.arrival_line_is_deleted_sucessfully()&amp#27;[0m
  &amp#27;[32mAnd &amp#27;[0m&amp#27;[32mArrivals line Data is not visible in arrival line table to user&amp#27;[0m                                &amp#27;[90m# stepdefinitions.StoreOperator.ArrivalsDefinition.arrivals_line_data_is_not_visible_in_storage_data_table_to_user()&amp#27;[0m
  &amp#27;[32mWhen &amp#27;[0m&amp#27;[32mUser click on &amp#27;[0m&amp#27;[32m&amp#27;[1m"Save as draft and go back"&amp#27;[0m&amp#27;[32m button&amp#27;[0m                                              &amp#27;[90m# stepdefinitions.CommonDefinitions.user_click_on_button(java.lang.String)&amp#27;[0m
  &amp#27;[32mAnd &amp#27;[0m&amp#27;[32mUser click on &amp#27;[0m&amp#27;[32m&amp#27;[1m"Yes"&amp#27;[0m&amp#27;[32m button&amp#27;[0m                                                                     &amp#27;[90m# stepdefinitions.CommonDefinitions.user_click_on_button(java.lang.String)&amp#27;[0m
  &amp#27;[32mWhen &amp#27;[0m&amp#27;[32mUser delete the Arrivals data&amp#27;[0m                                                                 &amp#27;[90m# stepdefinitions.StoreOperator.ArrivalsDefinition.user_delete_the_arrivals_data()&amp#27;[0m
  &amp#27;[32mAnd &amp#27;[0m&amp#27;[32mUser click on &amp#27;[0m&amp#27;[32m&amp#27;[1m"Yes"&amp#27;[0m&amp#27;[32m button&amp#27;[0m                                                                     &amp#27;[90m# stepdefinitions.CommonDefinitions.user_click_on_button(java.lang.String)&amp#27;[0m
  &amp#27;[32mThen &amp#27;[0m&amp#27;[32mArrivals data is deleted successfully&amp#27;[0m                                                         &amp#27;[90m# stepdefinitions.StoreOperator.ArrivalsDefinition.arrival_is_deleted_sucessfully()&amp#27;[0m
  &amp#27;[32mAnd &amp#27;[0m&amp#27;[32mArrivals Data is not visible in arrivals table to user&amp#27;[0m                                         &amp#27;[90m# stepdefinitions.StoreOperator.ArrivalsDefinition.arrivals_data_is_not_visible_in_stock_arrival_table_to_user()&amp#27;[0m
17:58:32.870 [main] INFO   - 
  _____   ___   ___   _____     ___     _     ___   ___   ___   ___  
 |_   _| | __| / __| |_   _|   | _ \   /_\   / __| / __| | __| |   \ 
   | |   | _|  \__ \   | |     |  _/  / _ \  \__ \ \__ \ | _|  | |) |
   |_|   |___| |___/   |_|     |_|   /_/ \_\ |___/ |___/ |___| |___/ 

Verify user is able to delete arrival line and arrival receipt type data before finalizing
----------------------------------------------------------------------
]]></system-out>
    <system-err><![CDATA[Starting ChromeDriver 108.0.5359.71 (1e0e3868ee06e91ad636a874420e3ca3ae3756ac-refs/branch-heads/5359@{#1016}) on port 17396
Only local connections are allowed.
Please see https://chromedriver.chromium.org/security-considerations for suggestions on keeping ChromeDriver safe.
ChromeDriver was started successfully.
Dec 23, 2022 5:57:27 PM org.openqa.selenium.devtools.CdpVersionFinder findNearestMatch
WARNING: Unable to find an exact match for CDP version 108, so returning the closest version found: 107
]]></system-err>
  </testcase>
  <testcase name="Verify user is able to add arrival line and arrival receipt type data and finalize it" classname="Arrivals tab in SMT application for Store Operator user #2" time="32.324">
    <error type="net.thucydides.core.webdriver.exceptions.ElementShouldBeEnabledException"><![CDATA[net.thucydides.core.webdriver.exceptions.ElementShouldBeEnabledException: Expected enabled element was not enabled
Caused by: org.openqa.selenium.TimeoutException: Expected condition failed: waiting for By.xpath: //li//span[text()='Dubai 2'] to be clickable (tried for 5 second(s) with 100 milliseconds interval)
Caused by: org.openqa.selenium.NoSuchElementException: 
no such element: Unable to locate element: {"method":"xpath","selector":"//li//span[text()='Dubai 2']"}
  (Session info: chrome=108.0.5359.125)
For documentation on this error, please visit: https://selenium.dev/exceptions/#no_such_element
Build info: version: '4.6.0', revision: '79f1c02ae20'
System info: os.name: 'Windows 10', os.arch: 'amd64', os.version: '10.0', java.version: '1.8.0_341'
Driver info: org.openqa.selenium.chrome.ChromeDriver
Command: [6cbd13208a545507b34909efa7f30468, findElement {using=xpath, value=//li//span[text()='Dubai 2']}]
Capabilities {acceptInsecureCerts: false, browserName: chrome, browserVersion: 108.0.5359.125, chrome: {chromedriverVersion: 108.0.5359.71 (1e0e3868ee06..., userDataDir: C:\Users\SANDEE~1.PHA\AppDa...}, goog:chromeOptions: {debuggerAddress: localhost:52822}, networkConnectionEnabled: false, pageLoadStrategy: normal, platformName: WINDOWS, proxy: Proxy(), se:cdp: ws://localhost:52822/devtoo..., se:cdpVersion: 108.0.5359.125, setWindowRect: true, strictFileInteractability: false, timeouts: {implicit: 0, pageLoad: 300000, script: 30000}, unhandledPromptBehavior: dismiss and notify, webauthn:extension:credBlob: true, webauthn:extension:largeBlob: true, webauthn:virtualAuthenticators: true}
Session ID: 6cbd13208a545507b34909efa7f30468
]]></error>
    <system-out><![CDATA[17:58:32.874 [main] INFO  i.c.core.plugin.SerenityReporter - Running feature from file:///C:/Users/Sandeepkumar.Phalke/eclipse-workspace/UNICEF_SerenityBDD_Automation_Framework/src/test/resources/features/StoreOperator/Issuing.feature
17:58:32.878 [main] INFO   - Test Suite Started: Arrivals tab in SMT application for Store Operator user

Scenario Outline: Verify user is able to add arrival line and arrival receipt type data and finalize it &amp#27;[90m# src/test/resources/features/StoreOperator/Issuing.feature:53&amp#27;[0m
17:58:32.891 [main] INFO  i.c.core.plugin.SerenityReporter - Running feature from file:///C:/Users/Sandeepkumar.Phalke/eclipse-workspace/UNICEF_SerenityBDD_Automation_Framework/src/test/resources/features/StoreOperator/Issuing.feature
17:58:32.893 [main] INFO   - 
  _____   ___   ___   _____     ___   _____     _     ___   _____   ___   ___  
 |_   _| | __| / __| |_   _|   / __| |_   _|   /_\   | _ \ |_   _| | __| |   \ 
   | |   | _|  \__ \   | |     \__ \   | |    / _ \  |   /   | |   | _|  | |) |
   |_|   |___| |___/   |_|     |___/   |_|   /_/ \_\ |_|_\   |_|   |___| |___/ 

Verify user is able to add arrival line and arrival receipt type data and finalize it(arrivals-tab-in-smt-application-for-store-operator-user;verify-user-is-able-to-add-arrival-line-and-arrival-receipt-type-data-and-finalize-it)
--------------------------------------------------------------------------------
17:58:33.083 [main] INFO  n.s.c.w.d.ChromeDriverProvider - Starting Chrome driver instance with capabilities:
17:58:33.083 [main] INFO  n.s.c.w.d.ChromeDriverProvider - Capabilities {acceptInsecureCerts: false, browserName: chrome, goog:chromeOptions: {args: [test-type, no-sandbox, ignore-certificate-errors, --window-size=1000,800, incognito, disable-infobars, disable-gpu, disable-default-apps, disable-popup-blocking], extensions: []}}
  &amp#27;[32mGiven &amp#27;[0m&amp#27;[32mUser is on home page&amp#27;[0m                                                                            &amp#27;[90m# stepdefinitions.CommonDefinitions.user_is_on_home_page()&amp#27;[0m
  &amp#27;[32mWhen &amp#27;[0m&amp#27;[32mUser is getting correct title of home page&amp#27;[0m                                                       &amp#27;[90m# stepdefinitions.SignInDefinitions.user_is_getting_correct_title_of_home_page()&amp#27;[0m
  &amp#27;[32mThen &amp#27;[0m&amp#27;[32mUser click on login button&amp#27;[0m                                                                       &amp#27;[90m# stepdefinitions.HomeDefinitions.user_click_on_login_button()&amp#27;[0m
  &amp#27;[32mWhen &amp#27;[0m&amp#27;[32mUser click on Proceed To Login button in &amp#27;[0m&amp#27;[32m&amp#27;[1m"English"&amp#27;[0m                                               &amp#27;[90m# stepdefinitions.HomeDefinitions.user_click_on_proceed_to_login_button_in(java.lang.String)&amp#27;[0m
  &amp#27;[32mThen &amp#27;[0m&amp#27;[32mUser enter email&amp#27;[0m                                                                                 &amp#27;[90m# stepdefinitions.SignInDefinitions.user_enter_email()&amp#27;[0m
  &amp#27;[32mAnd &amp#27;[0m&amp#27;[32mUser enter password&amp#27;[0m                                                                               &amp#27;[90m# stepdefinitions.SignInDefinitions.user_enter_password()&amp#27;[0m
  &amp#27;[32mWhen &amp#27;[0m&amp#27;[32mUser click on sign in button&amp#27;[0m                                                                     &amp#27;[90m# stepdefinitions.SignInDefinitions.user_click_on_sign_in_button()&amp#27;[0m
  &amp#27;[32mGiven &amp#27;[0m&amp#27;[32mUser click on &amp#27;[0m&amp#27;[32m&amp#27;[1m"Apply"&amp#27;[0m&amp#27;[32m button&amp#27;[0m                                                                    &amp#27;[90m# stepdefinitions.CommonDefinitions.user_click_on_button(java.lang.String)&amp#27;[0m
  &amp#27;[32mAnd &amp#27;[0m&amp#27;[32mUser click on &amp#27;[0m&amp#27;[32m&amp#27;[1m"Issuing"&amp#27;[0m&amp#27;[32m tab&amp#27;[0m                                                                       &amp#27;[90m# stepdefinitions.CommonDefinitions.user_click_on_tab(java.lang.String)&amp#27;[0m
  &amp#27;[32mGiven &amp#27;[0m&amp#27;[32mUser click on &amp#27;[0m&amp#27;[32m&amp#27;[1m"Issue New Stock"&amp#27;[0m&amp#27;[32m button&amp#27;[0m                                                          &amp#27;[90m# stepdefinitions.CommonDefinitions.user_click_on_button(java.lang.String)&amp#27;[0m
  &amp#27;[32mAnd &amp#27;[0m&amp#27;[32m&amp#27;[0m&amp#27;[32m&amp#27;[1m"Issue New Stock"&amp#27;[0m&amp#27;[32m text is visible&amp#27;[0m                                                                 &amp#27;[90m# stepdefinitions.CommonDefinitions.text_is_visible(java.lang.String)&amp#27;[0m
[...]
17:59:05.400 [main] INFO  n.s.c.w.d.ChromeDriverProvider - Capabilities {acceptInsecureCerts: false, browserName: chrome, goog:chromeOptions: {args: [test-type, no-sandbox, ignore-certificate-errors, --window-size=1000,800, incognito, disable-infobars, disable-gpu, disable-default-apps, disable-popup-blocking], extensions: []}}
  &amp#27;[32mGiven &amp#27;[0m&amp#27;[32mUser is on home page&amp#27;[0m                                                      &amp#27;[90m# stepdefinitions.CommonDefinitions.user_is_on_home_page()&amp#27;[0m
  &amp#27;[32mWhen &amp#27;[0m&amp#27;[32mUser is getting correct title of home page&amp#27;[0m                                 &amp#27;[90m# stepdefinitions.SignInDefinitions.user_is_getting_correct_title_of_home_page()&amp#27;[0m
  &amp#27;[32mThen &amp#27;[0m&amp#27;[32mUser click on login button&amp#27;[0m                                                 &amp#27;[90m# stepdefinitions.HomeDefinitions.user_click_on_login_button()&amp#27;[0m
  &amp#27;[32mWhen &amp#27;[0m&amp#27;[32mUser click on Proceed To Login button in &amp#27;[0m&amp#27;[32m&amp#27;[1m"English"&amp#27;[0m                         &amp#27;[90m# stepdefinitions.HomeDefinitions.user_click_on_proceed_to_login_button_in(java.lang.String)&amp#27;[0m
  &amp#27;[32mThen &amp#27;[0m&amp#27;[32mUser enter email&amp#27;[0m                                                           &amp#27;[90m# stepdefinitions.SignInDefinitions.user_enter_email()&amp#27;[0m
  &amp#27;[32mAnd &amp#27;[0m&amp#27;[32mUser enter password&amp#27;[0m                                                         &amp#27;[90m# stepdefinitions.SignInDefinitions.user_enter_password()&amp#27;[0m
  &amp#27;[32mWhen &amp#27;[0m&amp#27;[32mUser click on sign in button&amp#27;[0m                                               &amp#27;[90m# stepdefinitions.SignInDefinitions.user_click_on_sign_in_button()&amp#27;[0m
  &amp#27;[32mGiven &amp#27;[0m&amp#27;[32mUser click on &amp#27;[0m&amp#27;[32m&amp#27;[1m"Apply"&amp#27;[0m&amp#27;[32m button&amp#27;[0m                                              &amp#27;[90m# stepdefinitions.CommonDefinitions.user_click_on_button(java.lang.String)&amp#27;[0m
  &amp#27;[32mAnd &amp#27;[0m&amp#27;[32mUser click on &amp#27;[0m&amp#27;[32m&amp#27;[1m"Store Data"&amp#27;[0m&amp#27;[32m tab&amp#27;[0m                                              &amp#27;[90m# stepdefinitions.CommonDefinitions.user_click_on_tab(java.lang.String)&amp#27;[0m
  &amp#27;[32mGiven &amp#27;[0m&amp#27;[32mUser click on &amp#27;[0m&amp#27;[32m&amp#27;[1m"Add"&amp#27;[0m&amp#27;[32m button&amp#27;[0m                                                &amp#27;[90m# stepdefinitions.CommonDefinitions.user_click_on_button(java.lang.String)&amp#27;[0m
  &amp#27;[32mAnd &amp#27;[0m&amp#27;[32m&amp#27;[0m&amp#27;[32m&amp#27;[1m"Add new storage data"&amp#27;[0m&amp#27;[32m heading is visible&amp#27;[0m                                   &amp#27;[90m# stepdefinitions.CommonDefinitions.heading_is_visible(java.lang.String)&amp#27;[0m
  &amp#27;[32mAnd &amp#27;[0m&amp#27;[32mUser select &amp#27;[0m&amp#27;[32m&amp#27;[1m"Walk In Freezer"&amp#27;[0m&amp#27;[32m from &amp#27;[0m&amp#27;[32m&amp#27;[1m"Equipment category"&amp#27;[0m&amp#27;[32m in &amp#27;[0m&amp#27;[32m&amp#27;[1m"Store Data"&amp#27;[0m&amp#27;[32m tab&amp#27;[0m &amp#27;[90m# stepdefinitions.CommonDefinitions.user_select_from(java.lang.String,java.lang.String,java.lang.String)&amp#27;[0m
  &amp#27;[32mAnd &amp#27;[0m&amp#27;[32mUser select &amp#27;[0m&amp#27;[32m&amp#27;[1m"Haier"&amp#27;[0m&amp#27;[32m from &amp#27;[0m&amp#27;[32m&amp#27;[1m"Supplier"&amp#27;[0m&amp#27;[32m in &amp#27;[0m&amp#27;[32m&amp#27;[1m"Store Data"&amp#27;[0m&amp#27;[32m tab&amp#27;[0m                     &amp#27;[90m# stepdefinitions.CommonDefinitions.user_select_from(java.lang.String,java.lang.String,java.lang.String)&amp#27;[0m
  &amp#27;[32mAnd &amp#27;[0m&amp#27;[32mUser select &amp#27;[0m&amp#27;[32m&amp#27;[1m"VLS 354A AC"&amp#27;[0m&amp#27;[32m from &amp#27;[0m&amp#27;[32m&amp#27;[1m"Equipment Type/Model"&amp#27;[0m&amp#27;[32m in &amp#27;[0m&amp#27;[32m&amp#27;[1m"Store Data"&amp#27;[0m&amp#27;[32m tab&amp#27;[0m   &amp#27;[90m# stepdefinitions.CommonDefinitions.user_select_from(java.lang.String,java.lang.String,java.lang.String)&amp#27;[0m
  &amp#27;[32mAnd &amp#27;[0m&amp#27;[32mUser enter random text in &amp#27;[0m&amp#27;[32m&amp#27;[1m"equipmentName"&amp#27;[0m                                   &amp#27;[90m# stepdefinitions.CommonDefinitions.user_enter_random_text_in(java.lang.String)&amp#27;[0m
  &amp#27;[32mAnd &amp#27;[0m&amp#27;[32mUser select &amp#27;[0m&amp#27;[32m&amp#27;[1m"Functional"&amp#27;[0m&amp#27;[32m from &amp#27;[0m&amp#27;[32m&amp#27;[1m"Status"&amp#27;[0m&amp#27;[32m in &amp#27;[0m&amp#27;[32m&amp#27;[1m"Store Data"&amp#27;[0m&amp#27;[32m tab&amp#27;[0m                  &amp#27;[90m# stepdefinitions.CommonDefinitions.user_select_from(java.lang.String,java.lang.String,java.lang.String)&amp#27;[0m
  &amp#27;[32mWhen &amp#27;[0m&amp#27;[32mUser click on &amp#27;[0m&amp#27;[32m&amp#27;[1m"Create"&amp#27;[0m&amp#27;[32m button&amp#27;[0m                                              &amp#27;[90m# stepdefinitions.CommonDefinitions.user_click_on_button(java.lang.String)&amp#27;[0m
  &amp#27;[32mThen &amp#27;[0m&amp#27;[32mStorage Data is created successfully&amp#27;[0m                                       &amp#27;[90m# stepdefinitions.StoreOperator.StoreDataDefinition.storage_data_is_created_sucessfully()&amp#27;[0m
  &amp#27;[32mAnd &amp#27;[0m&amp#27;[32mStorage Data is visible in storage data table to user&amp#27;[0m                       &amp#27;[90m# stepdefinitions.StoreOperator.StoreDataDefinition.storage_data_is_visible_in_storage_data_table_to_user()&amp#27;[0m
17:59:31.957 [main] INFO   - 
  _____   ___   ___   _____     ___     _     ___   ___   ___   ___  
 |_   _| | __| / __| |_   _|   | _ \   /_\   / __| / __| | __| |   \ 
   | |   | _|  \__ \   | |     |  _/  / _ \  \__ \ \__ \ | _|  | |) |
   |_|   |___| |___/   |_|     |_|   /_/ \_\ |___/ |___/ |___| |___/ 

Verify user is able to add storage data
----------------------------------------------------------------------
]]></system-out>
    <system-err><![CDATA[Starting ChromeDriver 108.0.5359.71 (1e0e3868ee06e91ad636a874420e3ca3ae3756ac-refs/branch-heads/5359@{#1016}) on port 26720
Only local connections are allowed.
Please see https://chromedriver.chromium.org/security-considerations for suggestions on keeping ChromeDriver safe.
ChromeDriver was started successfully.
Dec 23, 2022 5:59:06 PM org.openqa.selenium.devtools.CdpVersionFinder findNearestMatch
WARNING: Unable to find an exact match for CDP version 108, so returning the closest version found: 107
]]></system-err>
  </testcase>
  <testcase name="Verify user is able to update storage data" classname="Store Data tab in SMT application for Store Operator user" time="26.628">
    <system-out><![CDATA[
Scenario Outline: Verify user is able to update storage data               &amp#27;[90m# src/test/resources/features/StoreOperator/StoreData.feature:45&amp#27;[0m
17:59:31.973 [main] INFO  i.c.core.plugin.SerenityReporter - Running feature from file:///C:/Users/Sandeepkumar.Phalke/eclipse-workspace/UNICEF_SerenityBDD_Automation_Framework/src/test/resources/features/StoreOperator/StoreData.feature
17:59:31.974 [main] INFO   - 
  _____   ___   ___   _____     ___   _____     _     ___   _____   ___   ___  
 |_   _| | __| / __| |_   _|   / __| |_   _|   /_\   | _ \ |_   _| | __| |   \ 
   | |   | _|  \__ \   | |     \__ \   | |    / _ \  |   /   | |   | _|  | |) |
   |_|   |___| |___/   |_|     |___/   |_|   /_/ \_\ |_|_\   |_|   |___| |___/ 

Verify user is able to update storage data(store-data-tab-in-smt-application-for-store-operator-user;verify-user-is-able-to-update-storage-data)
--------------------------------------------------------------------------------
17:59:32.140 [main] INFO  n.s.c.w.d.ChromeDriverProvider - Starting Chrome driver instance with capabilities:
17:59:32.140 [main] INFO  n.s.c.w.d.ChromeDriverProvider - Capabilities {acceptInsecureCerts: false, browserName: chrome, goog:chromeOptions: {args: [test-type, no-sandbox, ignore-certificate-errors, --window-size=1000,800, incognito, disable-infobars, disable-gpu, disable-default-apps, disable-popup-blocking], extensions: []}}
  &amp#27;[32mGiven &amp#27;[0m&amp#27;[32mUser is on home page&amp#27;[0m                                               &amp#27;[90m# stepdefinitions.CommonDefinitions.user_is_on_home_page()&amp#27;[0m
  &amp#27;[32mWhen &amp#27;[0m&amp#27;[32mUser is getting correct title of home page&amp#27;[0m                          &amp#27;[90m# stepdefinitions.SignInDefinitions.user_is_getting_correct_title_of_home_page()&amp#27;[0m
  &amp#27;[32mThen &amp#27;[0m&amp#27;[32mUser click on login button&amp#27;[0m                                          &amp#27;[90m# stepdefinitions.HomeDefinitions.user_click_on_login_button()&amp#27;[0m
  &amp#27;[32mWhen &amp#27;[0m&amp#27;[32mUser click on Proceed To Login button in &amp#27;[0m&amp#27;[32m&amp#27;[1m"English"&amp#27;[0m                  &amp#27;[90m# stepdefinitions.HomeDefinitions.user_click_on_proceed_to_login_button_in(java.lang.String)&amp#27;[0m
  &amp#27;[32mThen &amp#27;[0m&amp#27;[32mUser enter email&amp#27;[0m                                                    &amp#27;[90m# stepdefinitions.SignInDefinitions.user_enter_email()&amp#27;[0m
  &amp#27;[32mAnd &amp#27;[0m&amp#27;[32mUser enter password&amp#27;[0m                                                  &amp#27;[90m# stepdefinitions.SignInDefinitions.user_enter_password()&amp#27;[0m
  &amp#27;[32mWhen &amp#27;[0m&amp#27;[32mUser click on sign in button&amp#27;[0m                                        &amp#27;[90m# stepdefinitions.SignInDefinitions.user_click_on_sign_in_button()&amp#27;[0m
  &amp#27;[32mGiven &amp#27;[0m&amp#27;[32mUser click on &amp#27;[0m&amp#27;[32m&amp#27;[1m"Apply"&amp#27;[0m&amp#27;[32m button&amp#27;[0m                                       &amp#27;[90m# stepdefinitions.CommonDefinitions.user_click_on_button(java.lang.String)&amp#27;[0m
  &amp#27;[32mAnd &amp#27;[0m&amp#27;[32mUser click on &amp#27;[0m&amp#27;[32m&amp#27;[1m"Store Data"&amp#27;[0m&amp#27;[32m tab&amp#27;[0m                                       &amp#27;[90m# stepdefinitions.CommonDefinitions.user_click_on_tab(java.lang.String)&amp#27;[0m
  &amp#27;[32mGiven &amp#27;[0m&amp#27;[32mUser click on edit button of newly created storage data&amp#27;[0m            &amp#27;[90m# stepdefinitions.StoreOperator.StoreDataDefinition.user_click_on_edit_button_of_newly_created_storage_data()&amp#27;[0m
  &amp#27;[32mAnd &amp#27;[0m&amp#27;[32mUser select &amp#27;[0m&amp#27;[32m&amp#27;[1m"Freezer"&amp#27;[0m&amp#27;[32m from &amp#27;[0m&amp#27;[32m&amp#27;[1m"Equipment category"&amp#27;[0m&amp#27;[32m in &amp#27;[0m&amp#27;[32m&amp#27;[1m"Store Data"&amp#27;[0m&amp#27;[32m tab&amp#27;[0m  &amp#27;[90m# stepdefinitions.CommonDefinitions.user_select_from(java.lang.String,java.lang.String,java.lang.String)&amp#27;[0m
  &amp#27;[32mAnd &amp#27;[0m&amp#27;[32mUser select &amp#27;[0m&amp#27;[32m&amp#27;[1m"Haier"&amp#27;[0m&amp#27;[32m from &amp#27;[0m&amp#27;[32m&amp#27;[1m"Supplier"&amp#27;[0m&amp#27;[32m in &amp#27;[0m&amp#27;[32m&amp#27;[1m"Store Data"&amp#27;[0m&amp#27;[32m tab&amp#27;[0m              &amp#27;[90m# stepdefinitions.CommonDefinitions.user_select_from(java.lang.String,java.lang.String,java.lang.String)&amp#27;[0m
  &amp#27;[32mAnd &amp#27;[0m&amp#27;[32mUser select &amp#27;[0m&amp#27;[32m&amp#27;[1m"BFRV55"&amp#27;[0m&amp#27;[32m from &amp#27;[0m&amp#27;[32m&amp#27;[1m"Equipment Type/Model"&amp#27;[0m&amp#27;[32m in &amp#27;[0m&amp#27;[32m&amp#27;[1m"Store Data"&amp#27;[0m&amp#27;[32m tab&amp#27;[0m &amp#27;[90m# stepdefinitions.CommonDefinitions.user_select_from(java.lang.String,java.lang.String,java.lang.String)&amp#27;[0m
  &amp#27;[32mAnd &amp#27;[0m&amp#27;[32mUser enter random text in &amp#27;[0m&amp#27;[32m&amp#27;[1m"equipmentName"&amp#27;[0m                            &amp#27;[90m# stepdefinitions.CommonDefinitions.user_enter_random_text_in(java.lang.String)&amp#27;[0m
  &amp#27;[32mAnd &amp#27;[0m&amp#27;[32mUser select &amp#27;[0m&amp#27;[32m&amp#27;[1m"Non Functional"&amp#27;[0m&amp#27;[32m from &amp#27;[0m&amp#27;[32m&amp#27;[1m"Status"&amp#27;[0m&amp#27;[32m in &amp#27;[0m&amp#27;[32m&amp#27;[1m"Store Data"&amp#27;[0m&amp#27;[32m tab&amp#27;[0m       &amp#27;[90m# stepdefinitions.CommonDefinitions.user_select_from(java.lang.String,java.lang.String,java.lang.String)&amp#27;[0m
  &amp#27;[32mWhen &amp#27;[0m&amp#27;[32mUser click on &amp#27;[0m&amp#27;[32m&amp#27;[1m"Update"&amp#27;[0m&amp#27;[32m button&amp#27;[0m                                       &amp#27;[90m# stepdefinitions.CommonDefinitions.user_click_on_button(java.lang.String)&amp#27;[0m
  &amp#27;[32mThen &amp#27;[0m&amp#27;[32mStorage Data is updated successfully&amp#27;[0m                                &amp#27;[90m# stepdefinitions.StoreOperator.StoreDataDefinition.storage_data_is_updated_sucessfully()&amp#27;[0m
  &amp#27;[32mAnd &amp#27;[0m&amp#27;[32mStorage Data is visible in storage data table to user&amp#27;[0m                &amp#27;[90m# stepdefinitions.StoreOperator.StoreDataDefinition.storage_data_is_visible_in_storage_data_table_to_user()&amp#27;[0m
17:59:58.586 [main] INFO   - 
  _____   ___   ___   _____     ___     _     ___   ___   ___   ___  
 |_   _| | __| / __| |_   _|   | _ \   /_\   / __| / __| | __| |   \ 
   | |   | _|  \__ \   | |     |  _/  / _ \  \__ \ \__ \ | _|  | |) |
   |_|   |___| |___/   |_|     |_|   /_/ \_\ |___/ |___/ |___| |___/ 

Verify user is able to update storage data
----------------------------------------------------------------------
]]></system-out>
    <system-err><![CDATA[Starting ChromeDriver 108.0.5359.71 (1e0e3868ee06e91ad636a874420e3ca3ae3756ac-refs/branch-heads/5359@{#1016}) on port 40397
Only local connections are allowed.
Please see https://chromedriver.chromium.org/security-considerations for suggestions on keeping ChromeDriver safe.
ChromeDriver was started successfully.
Dec 23, 2022 5:59:33 PM org.openqa.selenium.devtools.CdpVersionFinder findNearestMatch
WARNING: Unable to find an exact match for CDP version 108, so returning the closest version found: 107
]]></system-err>
  </testcase>
  <testcase name="Verify user is able to delete storage data" classname="Store Data tab in SMT application for Store Operator user" time="34.226">
    <system-out><![CDATA[
Scenario Outline: Verify user is able to delete storage data      &amp#27;[90m# src/test/resources/features/StoreOperator/StoreData.feature:48&amp#27;[0m
17:59:58.608 [main] INFO  i.c.core.plugin.SerenityReporter - Running feature from file:///C:/Users/Sandeepkumar.Phalke/eclipse-workspace/UNICEF_SerenityBDD_Automation_Framework/src/test/resources/features/StoreOperator/StoreData.feature
17:59:58.608 [main] INFO   - 
  _____   ___   ___   _____     ___   _____     _     ___   _____   ___   ___  
 |_   _| | __| / __| |_   _|   / __| |_   _|   /_\   | _ \ |_   _| | __| |   \ 
   | |   | _|  \__ \   | |     \__ \   | |    / _ \  |   /   | |   | _|  | |) |
   |_|   |___| |___/   |_|     |___/   |_|   /_/ \_\ |_|_\   |_|   |___| |___/ 

Verify user is able to delete storage data(store-data-tab-in-smt-application-for-store-operator-user;verify-user-is-able-to-delete-storage-data)
--------------------------------------------------------------------------------
17:59:58.764 [main] INFO  n.s.c.w.d.ChromeDriverProvider - Starting Chrome driver instance with capabilities:
17:59:58.764 [main] INFO  n.s.c.w.d.ChromeDriverProvider - Capabilities {acceptInsecureCerts: false, browserName: chrome, goog:chromeOptions: {args: [test-type, no-sandbox, ignore-certificate-errors, --window-size=1000,800, incognito, disable-infobars, disable-gpu, disable-default-apps, disable-popup-blocking], extensions: []}}
  &amp#27;[32mGiven &amp#27;[0m&amp#27;[32mUser is on home page&amp#27;[0m                                      &amp#27;[90m# stepdefinitions.CommonDefinitions.user_is_on_home_page()&amp#27;[0m
  &amp#27;[32mWhen &amp#27;[0m&amp#27;[32mUser is getting correct title of home page&amp#27;[0m                 &amp#27;[90m# stepdefinitions.SignInDefinitions.user_is_getting_correct_title_of_home_page()&amp#27;[0m
  &amp#27;[32mThen &amp#27;[0m&amp#27;[32mUser click on login button&amp#27;[0m                                 &amp#27;[90m# stepdefinitions.HomeDefinitions.user_click_on_login_button()&amp#27;[0m
  &amp#27;[32mWhen &amp#27;[0m&amp#27;[32mUser click on Proceed To Login button in &amp#27;[0m&amp#27;[32m&amp#27;[1m"English"&amp#27;[0m         &amp#27;[90m# stepdefinitions.HomeDefinitions.user_click_on_proceed_to_login_button_in(java.lang.String)&amp#27;[0m
  &amp#27;[32mThen &amp#27;[0m&amp#27;[32mUser enter email&amp#27;[0m                                           &amp#27;[90m# stepdefinitions.SignInDefinitions.user_enter_email()&amp#27;[0m
  &amp#27;[32mAnd &amp#27;[0m&amp#27;[32mUser enter password&amp#27;[0m                                         &amp#27;[90m# stepdefinitions.SignInDefinitions.user_enter_password()&amp#27;[0m
  &amp#27;[32mWhen &amp#27;[0m&amp#27;[32mUser click on sign in button&amp#27;[0m                               &amp#27;[90m# stepdefinitions.SignInDefinitions.user_click_on_sign_in_button()&amp#27;[0m
  &amp#27;[32mGiven &amp#27;[0m&amp#27;[32mUser click on &amp#27;[0m&amp#27;[32m&amp#27;[1m"Apply"&amp#27;[0m&amp#27;[32m button&amp#27;[0m                              &amp#27;[90m# stepdefinitions.CommonDefinitions.user_click_on_button(java.lang.String)&amp#27;[0m
  &amp#27;[32mAnd &amp#27;[0m&amp#27;[32mUser click on &amp#27;[0m&amp#27;[32m&amp#27;[1m"Store Data"&amp#27;[0m&amp#27;[32m tab&amp#27;[0m                              &amp#27;[90m# stepdefinitions.CommonDefinitions.user_click_on_tab(java.lang.String)&amp#27;[0m
  &amp#27;[32mGiven &amp#27;[0m&amp#27;[32mUser click on delete button of newly created storage data&amp#27;[0m &amp#27;[90m# stepdefinitions.StoreOperator.StoreDataDefinition.user_click_on_delete_button_of_newly_created_storage_data()&amp#27;[0m
  &amp#27;[32mWhen &amp#27;[0m&amp#27;[32mUser click on &amp#27;[0m&amp#27;[32m&amp#27;[1m"Yes"&amp#27;[0m&amp#27;[32m button&amp#27;[0m                                 &amp#27;[90m# stepdefinitions.CommonDefinitions.user_click_on_button(java.lang.String)&amp#27;[0m
  &amp#27;[32mThen &amp#27;[0m&amp#27;[32mStorage Data is deleted successfully&amp#27;[0m                       &amp#27;[90m# stepdefinitions.StoreOperator.StoreDataDefinition.storage_data_is_deleted_sucessfully()&amp#27;[0m
  &amp#27;[32mAnd &amp#27;[0m&amp#27;[32mStorage Data is not visible in storage data table to user&amp#27;[0m   &amp#27;[90m# stepdefinitions.StoreOperator.StoreDataDefinition.storage_data_is_not_visible_in_storage_data_table_to_user()&amp#27;[0m
18:00:32.144 [main] INFO   - 
  _____   ___   ___   _____     ___     _     ___   ___   ___   ___  
 |_   _| | __| / __| |_   _|   | _ \   /_\   / __| / __| | __| |   \ 
   | |   | _|  \__ \   | |     |  _/  / _ \  \__ \ \__ \ | _|  | |) |
   |_|   |___| |___/   |_|     |_|   /_/ \_\ |___/ |___/ |___| |___/ 

Verify user is able to delete storage data
----------------------------------------------------------------------
]]></system-out>
    <system-err><![CDATA[Starting ChromeDriver 108.0.5359.71 (1e0e3868ee06e91ad636a874420e3ca3ae3756ac-refs/branch-heads/5359@{#1016}) on port 2260
Only local connections are allowed.
Please see https://chromedriver.chromium.org/security-considerations for suggestions on keeping ChromeDriver safe.
ChromeDriver was started successfully.
Dec 23, 2022 6:00:00 PM org.openqa.selenium.devtools.CdpVersionFinder findNearestMatch
WARNING: Unable to find an exact match for CDP version 108, so returning the closest version found: 107
]]></system-err>
  </testcase>
</testsuite>